This is pdfTeX, Version 3.1415926-2.5-1.40.14 (TeX Live 2013) (format=latex 2014.6.15)  15 NOV 2014 15:21
entering extended mode
 restricted \write18 enabled.
 %&-line parsing enabled.
**pythontex.dtx
(./pythontex.dtx
LaTeX2e <2011/06/27>
Babel <3.9k> and hyphenation patterns for 78 languages loaded.
File: pythontex.dtx 2014/07/17 Version\protect \unhbox \voidb@x \penalty \@M \ 
{}0.14 
(/usr/local/texlive/2013/texmf-dist/tex/latex/base/ltxdoc.cls
Document Class: ltxdoc 2007/11/11 v2.0u Standard LaTeX documentation class
(/usr/local/texlive/2013/texmf-dist/tex/latex/base/article.cls
Document Class: article 2007/10/19 v1.4h Standard LaTeX document class
(/usr/local/texlive/2013/texmf-dist/tex/latex/base/size10.clo
File: size10.clo 2007/10/19 v1.4h Standard LaTeX file (size option)
)
\c@part=\count79
\c@section=\count80
\c@subsection=\count81
\c@subsubsection=\count82
\c@paragraph=\count83
\c@subparagraph=\count84
\c@figure=\count85
\c@table=\count86
\abovecaptionskip=\skip41
\belowcaptionskip=\skip42
\bibindent=\dimen102
)
(/usr/local/texlive/2013/texmf-dist/tex/latex/base/doc.sty
Package: doc 2010/02/04 v2.1e Standard LaTeX documentation package (FMi)
\c@StandardModuleDepth=\count87
\guard@level=\count88
\MacrocodeTopsep=\skip43
\MacroIndent=\dimen103
\macro@cnt=\count89
\MacroTopsep=\skip44
\index@excludelist=\toks14

(/usr/local/texlive/2013/texmf-dist/tex/latex/tools/multicol.sty
Package: multicol 2011/06/27 v1.7a multicolumn formatting (FMi)
\c@tracingmulticols=\count90
\mult@box=\box26
\multicol@leftmargin=\dimen104
\c@unbalance=\count91
\c@collectmore=\count92
\doublecol@number=\count93
\multicoltolerance=\count94
\multicolpretolerance=\count95
\full@width=\dimen105
\page@free=\dimen106
\premulticols=\dimen107
\postmulticols=\dimen108
\multicolsep=\skip45
\multicolbaselineskip=\skip46
\partial@page=\box27
\last@line=\box28
\mult@rightbox=\box29
\mult@grightbox=\box30
\mult@gfirstbox=\box31
\mult@firstbox=\box32
\@tempa=\box33
\@tempa=\box34
\@tempa=\box35
\@tempa=\box36
\@tempa=\box37
\@tempa=\box38
\@tempa=\box39
\@tempa=\box40
\@tempa=\box41
\@tempa=\box42
\@tempa=\box43
\@tempa=\box44
\@tempa=\box45
\@tempa=\box46
\@tempa=\box47
\@tempa=\box48
\@tempa=\box49
\c@columnbadness=\count96
\c@finalcolumnbadness=\count97
\last@try=\dimen109
\multicolovershoot=\dimen110
\multicolundershoot=\dimen111
\mult@nat@firstbox=\box50
\colbreak@box=\box51
\multicol@sort@counter=\count98
)
\IndexMin=\dimen112
\c@IndexColumns=\count99
\GlossaryMin=\dimen113
\c@GlossaryColumns=\count100
\check@sum=\count101
\bslash@cnt=\count102
\wrong@table=\toks15
\c@CodelineNo=\count103
))
(/usr/local/texlive/2013/texmf-dist/tex/latex/base/fontenc.sty
Package: fontenc 2005/09/27 v1.99g Standard LaTeX package

(/usr/local/texlive/2013/texmf-dist/tex/latex/base/t1enc.def
File: t1enc.def 2005/09/27 v1.99g Standard LaTeX file
LaTeX Font Info:    Redeclaring font encoding T1 on input line 43.
))
(/usr/local/texlive/2013/texmf-dist/tex/latex/base/inputenc.sty
Package: inputenc 2008/03/30 v1.1d Input encoding file
\inpenc@prehook=\toks16
\inpenc@posthook=\toks17

(/usr/local/texlive/2013/texmf-dist/tex/latex/base/utf8.def
File: utf8.def 2008/04/05 v1.1m UTF-8 support for inputenc
Now handling font encoding OML ...
... no UTF-8 mapping file for font encoding OML
Now handling font encoding T1 ...
... processing UTF-8 mapping file for font encoding T1

(/usr/local/texlive/2013/texmf-dist/tex/latex/base/t1enc.dfu
File: t1enc.dfu 2008/04/05 v1.1m UTF-8 support for inputenc
   defining Unicode char U+00A1 (decimal 161)
   defining Unicode char U+00A3 (decimal 163)
   defining Unicode char U+00AB (decimal 171)
   defining Unicode char U+00BB (decimal 187)
   defining Unicode char U+00BF (decimal 191)
   defining Unicode char U+00C0 (decimal 192)
   defining Unicode char U+00C1 (decimal 193)
   defining Unicode char U+00C2 (decimal 194)
   defining Unicode char U+00C3 (decimal 195)
   defining Unicode char U+00C4 (decimal 196)
   defining Unicode char U+00C5 (decimal 197)
   defining Unicode char U+00C6 (decimal 198)
   defining Unicode char U+00C7 (decimal 199)
   defining Unicode char U+00C8 (decimal 200)
   defining Unicode char U+00C9 (decimal 201)
   defining Unicode char U+00CA (decimal 202)
   defining Unicode char U+00CB (decimal 203)
   defining Unicode char U+00CC (decimal 204)
   defining Unicode char U+00CD (decimal 205)
   defining Unicode char U+00CE (decimal 206)
   defining Unicode char U+00CF (decimal 207)
   defining Unicode char U+00D0 (decimal 208)
   defining Unicode char U+00D1 (decimal 209)
   defining Unicode char U+00D2 (decimal 210)
   defining Unicode char U+00D3 (decimal 211)
   defining Unicode char U+00D4 (decimal 212)
   defining Unicode char U+00D5 (decimal 213)
   defining Unicode char U+00D6 (decimal 214)
   defining Unicode char U+00D8 (decimal 216)
   defining Unicode char U+00D9 (decimal 217)
   defining Unicode char U+00DA (decimal 218)
   defining Unicode char U+00DB (decimal 219)
   defining Unicode char U+00DC (decimal 220)
   defining Unicode char U+00DD (decimal 221)
   defining Unicode char U+00DE (decimal 222)
   defining Unicode char U+00DF (decimal 223)
   defining Unicode char U+00E0 (decimal 224)
   defining Unicode char U+00E1 (decimal 225)
   defining Unicode char U+00E2 (decimal 226)
   defining Unicode char U+00E3 (decimal 227)
   defining Unicode char U+00E4 (decimal 228)
   defining Unicode char U+00E5 (decimal 229)
   defining Unicode char U+00E6 (decimal 230)
   defining Unicode char U+00E7 (decimal 231)
   defining Unicode char U+00E8 (decimal 232)
   defining Unicode char U+00E9 (decimal 233)
   defining Unicode char U+00EA (decimal 234)
   defining Unicode char U+00EB (decimal 235)
   defining Unicode char U+00EC (decimal 236)
   defining Unicode char U+00ED (decimal 237)
   defining Unicode char U+00EE (decimal 238)
   defining Unicode char U+00EF (decimal 239)
   defining Unicode char U+00F0 (decimal 240)
   defining Unicode char U+00F1 (decimal 241)
   defining Unicode char U+00F2 (decimal 242)
   defining Unicode char U+00F3 (decimal 243)
   defining Unicode char U+00F4 (decimal 244)
   defining Unicode char U+00F5 (decimal 245)
   defining Unicode char U+00F6 (decimal 246)
   defining Unicode char U+00F8 (decimal 248)
   defining Unicode char U+00F9 (decimal 249)
   defining Unicode char U+00FA (decimal 250)
   defining Unicode char U+00FB (decimal 251)
   defining Unicode char U+00FC (decimal 252)
   defining Unicode char U+00FD (decimal 253)
   defining Unicode char U+00FE (decimal 254)
   defining Unicode char U+00FF (decimal 255)
   defining Unicode char U+0102 (decimal 258)
   defining Unicode char U+0103 (decimal 259)
   defining Unicode char U+0104 (decimal 260)
   defining Unicode char U+0105 (decimal 261)
   defining Unicode char U+0106 (decimal 262)
   defining Unicode char U+0107 (decimal 263)
   defining Unicode char U+010C (decimal 268)
   defining Unicode char U+010D (decimal 269)
   defining Unicode char U+010E (decimal 270)
   defining Unicode char U+010F (decimal 271)
   defining Unicode char U+0110 (decimal 272)
   defining Unicode char U+0111 (decimal 273)
   defining Unicode char U+0118 (decimal 280)
   defining Unicode char U+0119 (decimal 281)
   defining Unicode char U+011A (decimal 282)
   defining Unicode char U+011B (decimal 283)
   defining Unicode char U+011E (decimal 286)
   defining Unicode char U+011F (decimal 287)
   defining Unicode char U+0130 (decimal 304)
   defining Unicode char U+0131 (decimal 305)
   defining Unicode char U+0132 (decimal 306)
   defining Unicode char U+0133 (decimal 307)
   defining Unicode char U+0139 (decimal 313)
   defining Unicode char U+013A (decimal 314)
   defining Unicode char U+013D (decimal 317)
   defining Unicode char U+013E (decimal 318)
   defining Unicode char U+0141 (decimal 321)
   defining Unicode char U+0142 (decimal 322)
   defining Unicode char U+0143 (decimal 323)
   defining Unicode char U+0144 (decimal 324)
   defining Unicode char U+0147 (decimal 327)
   defining Unicode char U+0148 (decimal 328)
   defining Unicode char U+014A (decimal 330)
   defining Unicode char U+014B (decimal 331)
   defining Unicode char U+0150 (decimal 336)
   defining Unicode char U+0151 (decimal 337)
   defining Unicode char U+0152 (decimal 338)
   defining Unicode char U+0153 (decimal 339)
   defining Unicode char U+0154 (decimal 340)
   defining Unicode char U+0155 (decimal 341)
   defining Unicode char U+0158 (decimal 344)
   defining Unicode char U+0159 (decimal 345)
   defining Unicode char U+015A (decimal 346)
   defining Unicode char U+015B (decimal 347)
   defining Unicode char U+015E (decimal 350)
   defining Unicode char U+015F (decimal 351)
   defining Unicode char U+0160 (decimal 352)
   defining Unicode char U+0161 (decimal 353)
   defining Unicode char U+0162 (decimal 354)
   defining Unicode char U+0163 (decimal 355)
   defining Unicode char U+0164 (decimal 356)
   defining Unicode char U+0165 (decimal 357)
   defining Unicode char U+016E (decimal 366)
   defining Unicode char U+016F (decimal 367)
   defining Unicode char U+0170 (decimal 368)
   defining Unicode char U+0171 (decimal 369)
   defining Unicode char U+0178 (decimal 376)
   defining Unicode char U+0179 (decimal 377)
   defining Unicode char U+017A (decimal 378)
   defining Unicode char U+017B (decimal 379)
   defining Unicode char U+017C (decimal 380)
   defining Unicode char U+017D (decimal 381)
   defining Unicode char U+017E (decimal 382)
   defining Unicode char U+200C (decimal 8204)
   defining Unicode char U+2013 (decimal 8211)
   defining Unicode char U+2014 (decimal 8212)
   defining Unicode char U+2018 (decimal 8216)
   defining Unicode char U+2019 (decimal 8217)
   defining Unicode char U+201A (decimal 8218)
   defining Unicode char U+201C (decimal 8220)
   defining Unicode char U+201D (decimal 8221)
   defining Unicode char U+201E (decimal 8222)
   defining Unicode char U+2030 (decimal 8240)
   defining Unicode char U+2031 (decimal 8241)
   defining Unicode char U+2039 (decimal 8249)
   defining Unicode char U+203A (decimal 8250)
   defining Unicode char U+2423 (decimal 9251)
)
Now handling font encoding OT1 ...
... processing UTF-8 mapping file for font encoding OT1

(/usr/local/texlive/2013/texmf-dist/tex/latex/base/ot1enc.dfu
File: ot1enc.dfu 2008/04/05 v1.1m UTF-8 support for inputenc
   defining Unicode char U+00A1 (decimal 161)
   defining Unicode char U+00A3 (decimal 163)
   defining Unicode char U+00B8 (decimal 184)
   defining Unicode char U+00BF (decimal 191)
   defining Unicode char U+00C5 (decimal 197)
   defining Unicode char U+00C6 (decimal 198)
   defining Unicode char U+00D8 (decimal 216)
   defining Unicode char U+00DF (decimal 223)
   defining Unicode char U+00E6 (decimal 230)
   defining Unicode char U+00EC (decimal 236)
   defining Unicode char U+00ED (decimal 237)
   defining Unicode char U+00EE (decimal 238)
   defining Unicode char U+00EF (decimal 239)
   defining Unicode char U+00F8 (decimal 248)
   defining Unicode char U+0131 (decimal 305)
   defining Unicode char U+0141 (decimal 321)
   defining Unicode char U+0142 (decimal 322)
   defining Unicode char U+0152 (decimal 338)
   defining Unicode char U+0153 (decimal 339)
   defining Unicode char U+2013 (decimal 8211)
   defining Unicode char U+2014 (decimal 8212)
   defining Unicode char U+2018 (decimal 8216)
   defining Unicode char U+2019 (decimal 8217)
   defining Unicode char U+201C (decimal 8220)
   defining Unicode char U+201D (decimal 8221)
)
Now handling font encoding OMS ...
... processing UTF-8 mapping file for font encoding OMS

(/usr/local/texlive/2013/texmf-dist/tex/latex/base/omsenc.dfu
File: omsenc.dfu 2008/04/05 v1.1m UTF-8 support for inputenc
   defining Unicode char U+00A7 (decimal 167)
   defining Unicode char U+00B6 (decimal 182)
   defining Unicode char U+00B7 (decimal 183)
   defining Unicode char U+2020 (decimal 8224)
   defining Unicode char U+2021 (decimal 8225)
   defining Unicode char U+2022 (decimal 8226)
)
Now handling font encoding OMX ...
... no UTF-8 mapping file for font encoding OMX
Now handling font encoding U ...
... no UTF-8 mapping file for font encoding U
   defining Unicode char U+00A9 (decimal 169)
   defining Unicode char U+00AA (decimal 170)
   defining Unicode char U+00AE (decimal 174)
   defining Unicode char U+00BA (decimal 186)
   defining Unicode char U+02C6 (decimal 710)
   defining Unicode char U+02DC (decimal 732)
   defining Unicode char U+200C (decimal 8204)
   defining Unicode char U+2026 (decimal 8230)
   defining Unicode char U+2122 (decimal 8482)
   defining Unicode char U+2423 (decimal 9251)
))
(/usr/local/texlive/2013/texmf-dist/tex/latex/lm/lmodern.sty
Package: lmodern 2009/10/30 v1.6 Latin Modern Fonts
LaTeX Font Info:    Overwriting symbol font `operators' in version `normal'
(Font)                  OT1/cmr/m/n --> OT1/lmr/m/n on input line 22.
LaTeX Font Info:    Overwriting symbol font `letters' in version `normal'
(Font)                  OML/cmm/m/it --> OML/lmm/m/it on input line 23.
LaTeX Font Info:    Overwriting symbol font `symbols' in version `normal'
(Font)                  OMS/cmsy/m/n --> OMS/lmsy/m/n on input line 24.
LaTeX Font Info:    Overwriting symbol font `largesymbols' in version `normal'
(Font)                  OMX/cmex/m/n --> OMX/lmex/m/n on input line 25.
LaTeX Font Info:    Overwriting symbol font `operators' in version `bold'
(Font)                  OT1/cmr/bx/n --> OT1/lmr/bx/n on input line 26.
LaTeX Font Info:    Overwriting symbol font `letters' in version `bold'
(Font)                  OML/cmm/b/it --> OML/lmm/b/it on input line 27.
LaTeX Font Info:    Overwriting symbol font `symbols' in version `bold'
(Font)                  OMS/cmsy/b/n --> OMS/lmsy/b/n on input line 28.
LaTeX Font Info:    Overwriting symbol font `largesymbols' in version `bold'
(Font)                  OMX/cmex/m/n --> OMX/lmex/m/n on input line 29.
LaTeX Font Info:    Overwriting math alphabet `\mathbf' in version `normal'
(Font)                  OT1/cmr/bx/n --> OT1/lmr/bx/n on input line 31.
LaTeX Font Info:    Overwriting math alphabet `\mathsf' in version `normal'
(Font)                  OT1/cmss/m/n --> OT1/lmss/m/n on input line 32.
LaTeX Font Info:    Overwriting math alphabet `\mathit' in version `normal'
(Font)                  OT1/cmr/m/it --> OT1/lmr/m/it on input line 33.
LaTeX Font Info:    Overwriting math alphabet `\mathtt' in version `normal'
(Font)                  OT1/cmtt/m/n --> OT1/lmtt/m/n on input line 34.
LaTeX Font Info:    Overwriting math alphabet `\mathbf' in version `bold'
(Font)                  OT1/cmr/bx/n --> OT1/lmr/bx/n on input line 35.
LaTeX Font Info:    Overwriting math alphabet `\mathsf' in version `bold'
(Font)                  OT1/cmss/bx/n --> OT1/lmss/bx/n on input line 36.
LaTeX Font Info:    Overwriting math alphabet `\mathit' in version `bold'
(Font)                  OT1/cmr/bx/it --> OT1/lmr/bx/it on input line 37.
LaTeX Font Info:    Overwriting math alphabet `\mathtt' in version `bold'
(Font)                  OT1/cmtt/m/n --> OT1/lmtt/m/n on input line 38.
)
(/usr/local/texlive/2013/texmf-dist/tex/latex/base/textcomp.sty
Package: textcomp 2005/09/27 v1.99g Standard LaTeX package
Package textcomp Info: Sub-encoding information:
(textcomp)               5 = only ISO-Adobe without \textcurrency
(textcomp)               4 = 5 + \texteuro
(textcomp)               3 = 4 + \textohm
(textcomp)               2 = 3 + \textestimated + \textcurrency
(textcomp)               1 = TS1 - \textcircled - \t
(textcomp)               0 = TS1 (full)
(textcomp)             Font families with sub-encoding setting implement
(textcomp)             only a restricted character set as indicated.
(textcomp)             Family '?' is the default used for unknown fonts.
(textcomp)             See the documentation for details.
Package textcomp Info: Setting ? sub-encoding to TS1/1 on input line 71.

(/usr/local/texlive/2013/texmf-dist/tex/latex/base/ts1enc.def
File: ts1enc.def 2001/06/05 v3.0e (jk/car/fm) Standard LaTeX file
Now handling font encoding TS1 ...
... processing UTF-8 mapping file for font encoding TS1

(/usr/local/texlive/2013/texmf-dist/tex/latex/base/ts1enc.dfu
File: ts1enc.dfu 2008/04/05 v1.1m UTF-8 support for inputenc
   defining Unicode char U+00A2 (decimal 162)
   defining Unicode char U+00A3 (decimal 163)
   defining Unicode char U+00A4 (decimal 164)
   defining Unicode char U+00A5 (decimal 165)
   defining Unicode char U+00A6 (decimal 166)
   defining Unicode char U+00A7 (decimal 167)
   defining Unicode char U+00A8 (decimal 168)
   defining Unicode char U+00A9 (decimal 169)
   defining Unicode char U+00AA (decimal 170)
   defining Unicode char U+00AC (decimal 172)
   defining Unicode char U+00AE (decimal 174)
   defining Unicode char U+00AF (decimal 175)
   defining Unicode char U+00B0 (decimal 176)
   defining Unicode char U+00B1 (decimal 177)
   defining Unicode char U+00B2 (decimal 178)
   defining Unicode char U+00B3 (decimal 179)
   defining Unicode char U+00B4 (decimal 180)
   defining Unicode char U+00B5 (decimal 181)
   defining Unicode char U+00B6 (decimal 182)
   defining Unicode char U+00B7 (decimal 183)
   defining Unicode char U+00B9 (decimal 185)
   defining Unicode char U+00BA (decimal 186)
   defining Unicode char U+00BC (decimal 188)
   defining Unicode char U+00BD (decimal 189)
   defining Unicode char U+00BE (decimal 190)
   defining Unicode char U+00D7 (decimal 215)
   defining Unicode char U+00F7 (decimal 247)
   defining Unicode char U+0192 (decimal 402)
   defining Unicode char U+02C7 (decimal 711)
   defining Unicode char U+02D8 (decimal 728)
   defining Unicode char U+02DD (decimal 733)
   defining Unicode char U+0E3F (decimal 3647)
   defining Unicode char U+2016 (decimal 8214)
   defining Unicode char U+2020 (decimal 8224)
   defining Unicode char U+2021 (decimal 8225)
   defining Unicode char U+2022 (decimal 8226)
   defining Unicode char U+2030 (decimal 8240)
   defining Unicode char U+2031 (decimal 8241)
   defining Unicode char U+203B (decimal 8251)
   defining Unicode char U+203D (decimal 8253)
   defining Unicode char U+2044 (decimal 8260)
   defining Unicode char U+204E (decimal 8270)
   defining Unicode char U+2052 (decimal 8274)
   defining Unicode char U+20A1 (decimal 8353)
   defining Unicode char U+20A4 (decimal 8356)
   defining Unicode char U+20A6 (decimal 8358)
   defining Unicode char U+20A9 (decimal 8361)
   defining Unicode char U+20AB (decimal 8363)
   defining Unicode char U+20AC (decimal 8364)
   defining Unicode char U+20B1 (decimal 8369)
   defining Unicode char U+2103 (decimal 8451)
   defining Unicode char U+2116 (decimal 8470)
   defining Unicode char U+2117 (decimal 8471)
   defining Unicode char U+211E (decimal 8478)
   defining Unicode char U+2120 (decimal 8480)
   defining Unicode char U+2122 (decimal 8482)
   defining Unicode char U+2126 (decimal 8486)
   defining Unicode char U+2127 (decimal 8487)
   defining Unicode char U+212E (decimal 8494)
   defining Unicode char U+2190 (decimal 8592)
   defining Unicode char U+2191 (decimal 8593)
   defining Unicode char U+2192 (decimal 8594)
   defining Unicode char U+2193 (decimal 8595)
   defining Unicode char U+2329 (decimal 9001)
   defining Unicode char U+232A (decimal 9002)
   defining Unicode char U+2422 (decimal 9250)
   defining Unicode char U+25E6 (decimal 9702)
   defining Unicode char U+25EF (decimal 9711)
   defining Unicode char U+266A (decimal 9834)
))
LaTeX Info: Redefining \oldstylenums on input line 266.
Package textcomp Info: Setting cmr sub-encoding to TS1/0 on input line 281.
Package textcomp Info: Setting cmss sub-encoding to TS1/0 on input line 282.
Package textcomp Info: Setting cmtt sub-encoding to TS1/0 on input line 283.
Package textcomp Info: Setting cmvtt sub-encoding to TS1/0 on input line 284.
Package textcomp Info: Setting cmbr sub-encoding to TS1/0 on input line 285.
Package textcomp Info: Setting cmtl sub-encoding to TS1/0 on input line 286.
Package textcomp Info: Setting ccr sub-encoding to TS1/0 on input line 287.
Package textcomp Info: Setting ptm sub-encoding to TS1/4 on input line 288.
Package textcomp Info: Setting pcr sub-encoding to TS1/4 on input line 289.
Package textcomp Info: Setting phv sub-encoding to TS1/4 on input line 290.
Package textcomp Info: Setting ppl sub-encoding to TS1/3 on input line 291.
Package textcomp Info: Setting pag sub-encoding to TS1/4 on input line 292.
Package textcomp Info: Setting pbk sub-encoding to TS1/4 on input line 293.
Package textcomp Info: Setting pnc sub-encoding to TS1/4 on input line 294.
Package textcomp Info: Setting pzc sub-encoding to TS1/4 on input line 295.
Package textcomp Info: Setting bch sub-encoding to TS1/4 on input line 296.
Package textcomp Info: Setting put sub-encoding to TS1/5 on input line 297.
Package textcomp Info: Setting uag sub-encoding to TS1/5 on input line 298.
Package textcomp Info: Setting ugq sub-encoding to TS1/5 on input line 299.
Package textcomp Info: Setting ul8 sub-encoding to TS1/4 on input line 300.
Package textcomp Info: Setting ul9 sub-encoding to TS1/4 on input line 301.
Package textcomp Info: Setting augie sub-encoding to TS1/5 on input line 302.
Package textcomp Info: Setting dayrom sub-encoding to TS1/3 on input line 303.
Package textcomp Info: Setting dayroms sub-encoding to TS1/3 on input line 304.

Package textcomp Info: Setting pxr sub-encoding to TS1/0 on input line 305.
Package textcomp Info: Setting pxss sub-encoding to TS1/0 on input line 306.
Package textcomp Info: Setting pxtt sub-encoding to TS1/0 on input line 307.
Package textcomp Info: Setting txr sub-encoding to TS1/0 on input line 308.
Package textcomp Info: Setting txss sub-encoding to TS1/0 on input line 309.
Package textcomp Info: Setting txtt sub-encoding to TS1/0 on input line 310.
Package textcomp Info: Setting lmr sub-encoding to TS1/0 on input line 311.
Package textcomp Info: Setting lmdh sub-encoding to TS1/0 on input line 312.
Package textcomp Info: Setting lmss sub-encoding to TS1/0 on input line 313.
Package textcomp Info: Setting lmssq sub-encoding to TS1/0 on input line 314.
Package textcomp Info: Setting lmvtt sub-encoding to TS1/0 on input line 315.
Package textcomp Info: Setting qhv sub-encoding to TS1/0 on input line 316.
Package textcomp Info: Setting qag sub-encoding to TS1/0 on input line 317.
Package textcomp Info: Setting qbk sub-encoding to TS1/0 on input line 318.
Package textcomp Info: Setting qcr sub-encoding to TS1/0 on input line 319.
Package textcomp Info: Setting qcs sub-encoding to TS1/0 on input line 320.
Package textcomp Info: Setting qpl sub-encoding to TS1/0 on input line 321.
Package textcomp Info: Setting qtm sub-encoding to TS1/0 on input line 322.
Package textcomp Info: Setting qzc sub-encoding to TS1/0 on input line 323.
Package textcomp Info: Setting qhvc sub-encoding to TS1/0 on input line 324.
Package textcomp Info: Setting futs sub-encoding to TS1/4 on input line 325.
Package textcomp Info: Setting futx sub-encoding to TS1/4 on input line 326.
Package textcomp Info: Setting futj sub-encoding to TS1/4 on input line 327.
Package textcomp Info: Setting hlh sub-encoding to TS1/3 on input line 328.
Package textcomp Info: Setting hls sub-encoding to TS1/3 on input line 329.
Package textcomp Info: Setting hlst sub-encoding to TS1/3 on input line 330.
Package textcomp Info: Setting hlct sub-encoding to TS1/5 on input line 331.
Package textcomp Info: Setting hlx sub-encoding to TS1/5 on input line 332.
Package textcomp Info: Setting hlce sub-encoding to TS1/5 on input line 333.
Package textcomp Info: Setting hlcn sub-encoding to TS1/5 on input line 334.
Package textcomp Info: Setting hlcw sub-encoding to TS1/5 on input line 335.
Package textcomp Info: Setting hlcf sub-encoding to TS1/5 on input line 336.
Package textcomp Info: Setting pplx sub-encoding to TS1/3 on input line 337.
Package textcomp Info: Setting pplj sub-encoding to TS1/3 on input line 338.
Package textcomp Info: Setting ptmx sub-encoding to TS1/4 on input line 339.
Package textcomp Info: Setting ptmj sub-encoding to TS1/4 on input line 340.
)
(/usr/local/texlive/2013/texmf-dist/tex/latex/xcolor/xcolor.sty
Package: xcolor 2007/01/21 v2.11 LaTeX color extensions (UK)

(/usr/local/texlive/2013/texmf-dist/tex/latex/latexconfig/color.cfg
File: color.cfg 2007/01/18 v1.5 color configuration of teTeX/TeXLive
)
Package xcolor Info: Driver file: dvips.def on input line 225.

(/usr/local/texlive/2013/texmf-dist/tex/latex/graphics/dvips.def
File: dvips.def 1999/02/16 v3.0i Driver-dependant file (DPC,SPQR)
)
Package xcolor Info: Model `cmy' substituted by `cmy0' on input line 1337.
Package xcolor Info: Model `RGB' extended on input line 1353.
Package xcolor Info: Model `HTML' substituted by `rgb' on input line 1355.
Package xcolor Info: Model `Hsb' substituted by `hsb' on input line 1356.
Package xcolor Info: Model `tHsb' substituted by `hsb' on input line 1357.
Package xcolor Info: Model `HSB' substituted by `hsb' on input line 1358.
Package xcolor Info: Model `Gray' substituted by `gray' on input line 1359.
Package xcolor Info: Model `wave' substituted by `hsb' on input line 1360.

(/usr/local/texlive/2013/texmf-dist/tex/latex/xcolor/svgnam.def
File: svgnam.def 2007/01/21 v2.11 Predefined colors according to SVG 1.1 (UK)
))
(/home/antalcides/texmf/tex/latex/environ/environ.sty
Package: environ 2013/04/01 v0.3 A new environment syntax

(/usr/local/texlive/2013/texmf-dist/tex/latex/trimspaces/trimspaces.sty
Package: trimspaces 2009/09/17 v1.1 Trim spaces around a token list
)
\@envbody=\toks18
)
(/usr/local/texlive/2013/texmf-dist/tex/latex/enumitem/enumitem.sty
Package: enumitem 2011/09/28 v3.5.2 Customized lists
\enitkv@toks@=\toks19
\labelindent=\skip47
\enit@outerparindent=\dimen114
\enit@toks=\toks20
\enit@inbox=\box52
\enitdp@description=\count104
)
(./pythontex.sty
Package: pythontex 2014/07/17 Version\protect \unhbox \voidb@x \penalty \@M \ {
}0.14 

(/usr/local/texlive/2013/texmf-dist/tex/latex/fancyvrb/fancyvrb.sty
Package: fancyvrb 2008/02/07

Style option: `fancyvrb' v2.7a, with DG/SPQR fixes, and firstline=lastline fix 
<2008/02/07> (tvz)
(/usr/local/texlive/2013/texmf-dist/tex/latex/graphics/keyval.sty
Package: keyval 1999/03/16 v1.13 key=value parser (DPC)
\KV@toks@=\toks21
)
\FV@CodeLineNo=\count105
\FV@InFile=\read1
\FV@TabBox=\box53
\c@FancyVerbLine=\count106
\FV@StepNumber=\count107
\FV@OutFile=\write3
)
(/usr/local/texlive/2013/texmf-dist/tex/latex/etex-pkg/etex.sty
Package: etex 1998/03/26 v2.0 eTeX basic definition package (PEB)
\et@xins=\count108
)
(/usr/local/texlive/2013/texmf-dist/tex/latex/etoolbox/etoolbox.sty
Package: etoolbox 2011/01/03 v2.1 e-TeX tools for LaTeX
\etb@tempcnta=\count109
)
(/usr/local/texlive/2013/texmf-dist/tex/generic/xstring/xstring.sty
(/usr/local/texlive/2013/texmf-dist/tex/generic/xstring/xstring.tex
\@xs@message=\write4
\integerpart=\count110
\decimalpart=\count111
)
Package: xstring 2013/10/13  v1.7c  String manipulations (C Tellechea)
)
(/usr/local/texlive/2013/texmf-dist/tex/latex/pgfopts/pgfopts.sty
Package: pgfopts 2011/06/02 v2.1 LaTeX package options with pgfkeys

(/usr/local/texlive/2013/texmf-dist/tex/latex/pgf/utilities/pgfkeys.sty
(/usr/local/texlive/2013/texmf-dist/tex/generic/pgf/utilities/pgfkeys.code.tex
\pgfkeys@pathtoks=\toks22
\pgfkeys@temptoks=\toks23

(/usr/local/texlive/2013/texmf-dist/tex/generic/pgf/utilities/pgfkeysfiltered.c
ode.tex
\pgfkeys@tmptoks=\toks24
)))
\pgfopts@list@add@a@toks=\toks25
\pgfopts@list@add@b@toks=\toks26
) (/home/antalcides/texmf/tex/latex/caption/newfloat.sty
Package: newfloat 2013/05/11 v1.1-91 Defining new floating environments (AR)
)
(/usr/local/texlive/2013/texmf-dist/tex/latex/currfile/currfile.sty
Package: currfile 2013/02/01 v0.7b Provides the file path elements of the curre
nt input file

(/usr/local/texlive/2013/texmf-dist/tex/latex/oberdiek/kvoptions.sty
Package: kvoptions 2011/06/30 v3.11 Key value format for package options (HO)

(/usr/local/texlive/2013/texmf-dist/tex/generic/oberdiek/ltxcmds.sty
Package: ltxcmds 2011/11/09 v1.22 LaTeX kernel commands for general use (HO)
)
(/usr/local/texlive/2013/texmf-dist/tex/generic/oberdiek/kvsetkeys.sty
Package: kvsetkeys 2012/04/25 v1.16 Key value parser (HO)

(/usr/local/texlive/2013/texmf-dist/tex/generic/oberdiek/infwarerr.sty
Package: infwarerr 2010/04/08 v1.3 Providing info/warning/error messages (HO)
)
(/usr/local/texlive/2013/texmf-dist/tex/generic/oberdiek/etexcmds.sty
Package: etexcmds 2011/02/16 v1.5 Avoid name clashes with e-TeX commands (HO)

(/usr/local/texlive/2013/texmf-dist/tex/generic/oberdiek/ifluatex.sty
Package: ifluatex 2010/03/01 v1.3 Provides the ifluatex switch (HO)
Package ifluatex Info: LuaTeX not detected.
)
Package etexcmds Info: Could not find \expanded.
(etexcmds)             That can mean that you are not using pdfTeX 1.50 or
(etexcmds)             that some package has redefined \expanded.
(etexcmds)             In the latter case, load this package earlier.
)))
(/usr/local/texlive/2013/texmf-dist/tex/latex/filehook/filehook.sty
Package: filehook 2011/10/12 v0.5d Hooks for input files
)
\c@currfiledepth=\count112
)
(/usr/local/texlive/2013/texmf-dist/tex/latex/upquote/upquote.sty
Package: upquote 2012/04/19 v1.3 upright-quote and grave-accent glyphs in verba
tim
)
\pytx@codefile=\write5
\openout5 = `pythontex.pytxcode'.

\c@pytx@FancyVerbLineTemp=\count113
)
(/usr/local/texlive/2013/texmf-dist/tex/latex/hyperref/hyperref.sty
Package: hyperref 2012/11/06 v6.83m Hypertext links for LaTeX

(/usr/local/texlive/2013/texmf-dist/tex/generic/oberdiek/hobsub-hyperref.sty
Package: hobsub-hyperref 2012/05/28 v1.13 Bundle oberdiek, subset hyperref (HO)


(/usr/local/texlive/2013/texmf-dist/tex/generic/oberdiek/hobsub-generic.sty
Package: hobsub-generic 2012/05/28 v1.13 Bundle oberdiek, subset generic (HO)
Package: hobsub 2012/05/28 v1.13 Construct package bundles (HO)
Package hobsub Info: Skipping package `infwarerr' (already loaded).
Package hobsub Info: Skipping package `ltxcmds' (already loaded).
Package hobsub Info: Skipping package `ifluatex' (already loaded).
Package: ifvtex 2010/03/01 v1.5 Detect VTeX and its facilities (HO)
Package ifvtex Info: VTeX not detected.
Package: intcalc 2007/09/27 v1.1 Expandable calculations with integers (HO)
Package: ifpdf 2011/01/30 v2.3 Provides the ifpdf switch (HO)
Package ifpdf Info: pdfTeX in PDF mode is not detected.
Package hobsub Info: Skipping package `etexcmds' (already loaded).
Package hobsub Info: Skipping package `kvsetkeys' (already loaded).
Package: kvdefinekeys 2011/04/07 v1.3 Define keys (HO)
Package: pdftexcmds 2011/11/29 v0.20 Utility functions of pdfTeX for LuaTeX (HO
)
Package pdftexcmds Info: LuaTeX not detected.
Package pdftexcmds Info: \pdf@primitive is available.
Package pdftexcmds Info: \pdf@ifprimitive is available.
Package pdftexcmds Info: \pdfdraftmode is ignored in DVI mode.
Package: pdfescape 2011/11/25 v1.13 Implements pdfTeX's escape features (HO)
Package: bigintcalc 2012/04/08 v1.3 Expandable calculations on big integers (HO
)
Package: bitset 2011/01/30 v1.1 Handle bit-vector datatype (HO)
Package: uniquecounter 2011/01/30 v1.2 Provide unlimited unique counter (HO)
)
Package hobsub Info: Skipping package `hobsub' (already loaded).
Package: letltxmacro 2010/09/02 v1.4 Let assignment for LaTeX macros (HO)
Package: hopatch 2012/05/28 v1.2 Wrapper for package hooks (HO)
Package: xcolor-patch 2011/01/30 xcolor patch
Package: atveryend 2011/06/30 v1.8 Hooks at the very end of document (HO)
Package: atbegshi 2011/10/05 v1.16 At begin shipout hook (HO)
Package: refcount 2011/10/16 v3.4 Data extraction from label references (HO)
Package: hycolor 2011/01/30 v1.7 Color options for hyperref/bookmark (HO)
)
(/usr/local/texlive/2013/texmf-dist/tex/generic/ifxetex/ifxetex.sty
Package: ifxetex 2010/09/12 v0.6 Provides ifxetex conditional
)
(/usr/local/texlive/2013/texmf-dist/tex/latex/oberdiek/auxhook.sty
Package: auxhook 2011/03/04 v1.3 Hooks for auxiliary files (HO)
)
\@linkdim=\dimen115
\Hy@linkcounter=\count114
\Hy@pagecounter=\count115

(/usr/local/texlive/2013/texmf-dist/tex/latex/hyperref/pd1enc.def
File: pd1enc.def 2012/11/06 v6.83m Hyperref: PDFDocEncoding definition (HO)
Now handling font encoding PD1 ...
... no UTF-8 mapping file for font encoding PD1
)
\Hy@SavedSpaceFactor=\count116

(/usr/local/texlive/2013/texmf-dist/tex/latex/latexconfig/hyperref.cfg
File: hyperref.cfg 2002/06/06 v1.2 hyperref configuration of TeXLive
)
Package hyperref Info: Hyper figures OFF on input line 4443.
Package hyperref Info: Link nesting OFF on input line 4448.
Package hyperref Info: Hyper index ON on input line 4451.
Package hyperref Info: Plain pages OFF on input line 4458.
Package hyperref Info: Backreferencing OFF on input line 4463.
Package hyperref Info: Implicit mode ON; LaTeX internals redefined.
Package hyperref Info: Bookmarks ON on input line 4688.
\c@Hy@tempcnt=\count117

(/usr/local/texlive/2013/texmf-dist/tex/latex/url/url.sty
\Urlmuskip=\muskip10
Package: url 2013/09/16  ver 3.4  Verb mode for urls, etc.
)
LaTeX Info: Redefining \url on input line 5041.
\XeTeXLinkMargin=\dimen116
\Fld@menulength=\count118
\Field@Width=\dimen117
\Fld@charsize=\dimen118
Package hyperref Info: Hyper figures OFF on input line 6295.
Package hyperref Info: Link nesting OFF on input line 6300.
Package hyperref Info: Hyper index ON on input line 6303.
Package hyperref Info: backreferencing OFF on input line 6310.
Package hyperref Info: Link coloring OFF on input line 6315.
Package hyperref Info: Link coloring with OCG OFF on input line 6320.
Package hyperref Info: PDF/A mode OFF on input line 6325.
LaTeX Info: Redefining \ref on input line 6365.
LaTeX Info: Redefining \pageref on input line 6369.
\Hy@abspage=\count119
\c@Item=\count120
\c@Hfootnote=\count121
)

Package hyperref Message: Driver (default): hdvips.

(/usr/local/texlive/2013/texmf-dist/tex/latex/hyperref/hdvips.def
File: hdvips.def 2012/11/06 v6.83m Hyperref driver for dvips

(/usr/local/texlive/2013/texmf-dist/tex/latex/hyperref/pdfmark.def
File: pdfmark.def 2012/11/06 v6.83m Hyperref definitions for pdfmark specials
\pdf@docset=\toks27
\pdf@box=\box54
\pdf@toks=\toks28
\pdf@defaulttoks=\toks29
\HyField@AnnotCount=\count122
\Fld@listcount=\count123
\c@bookmark@seq@number=\count124

(/usr/local/texlive/2013/texmf-dist/tex/latex/oberdiek/rerunfilecheck.sty
Package: rerunfilecheck 2011/04/15 v1.7 Rerun checks for auxiliary files (HO)
Package uniquecounter Info: New unique counter `rerunfilecheck' on input line 2
82.
)
\Hy@SectionHShift=\skip48
))
Package hyperref Info: Option `colorlinks' set `true' on input line 44.
\@indexfile=\write6
\openout6 = `pythontex.idx'.


Writing index file pythontex.idx
(/home/antalcides/texmf/tex/pythontex/pythontex/pythontex.aux)
\openout1 = `pythontex.aux'.

LaTeX Font Info:    Checking defaults for OML/cmm/m/it on input line 62.
LaTeX Font Info:    ... okay on input line 62.
LaTeX Font Info:    Checking defaults for T1/cmr/m/n on input line 62.
LaTeX Font Info:    ... okay on input line 62.
LaTeX Font Info:    Checking defaults for OT1/cmr/m/n on input line 62.
LaTeX Font Info:    ... okay on input line 62.
LaTeX Font Info:    Checking defaults for OMS/cmsy/m/n on input line 62.
LaTeX Font Info:    ... okay on input line 62.
LaTeX Font Info:    Checking defaults for OMX/cmex/m/n on input line 62.
LaTeX Font Info:    ... okay on input line 62.
LaTeX Font Info:    Checking defaults for U/cmr/m/n on input line 62.
LaTeX Font Info:    ... okay on input line 62.
LaTeX Font Info:    Checking defaults for TS1/cmr/m/n on input line 62.
LaTeX Font Info:    Try loading font information for TS1+cmr on input line 62.

(/usr/local/texlive/2013/texmf-dist/tex/latex/base/ts1cmr.fd
File: ts1cmr.fd 1999/05/25 v2.5h Standard LaTeX font definitions
)
LaTeX Font Info:    ... okay on input line 62.
LaTeX Font Info:    Checking defaults for PD1/pdf/m/n on input line 62.
LaTeX Font Info:    ... okay on input line 62.
LaTeX Font Info:    Try loading font information for T1+lmr on input line 62.

(/usr/local/texlive/2013/texmf-dist/tex/latex/lm/t1lmr.fd
File: t1lmr.fd 2009/10/30 v1.6 Font defs for Latin Modern
)
Package doc Info: Made | a short reference for \verb on input line 62.

No file pythontex-files-pythontex/pythontex.pytxmcr.
Run PythonTeX to create it.
Package newfloat Info: New float `listing' with options `fileext=lopytx' on inp
ut line 62.
\c@listing=\count125
\newfloat@ftype=\count126
Package newfloat Info: float type `listing'=8 on input line 62.
\AtBeginShipoutBox=\box55
Package hyperref Info: Link coloring ON on input line 62.
(/usr/local/texlive/2013/texmf-dist/tex/latex/hyperref/nameref.sty
Package: nameref 2012/10/27 v2.43 Cross-referencing by name of section

(/usr/local/texlive/2013/texmf-dist/tex/generic/oberdiek/gettitlestring.sty
Package: gettitlestring 2010/12/03 v1.4 Cleanup title references (HO)
)
\c@section@level=\count127
)
LaTeX Info: Redefining \ref on input line 62.
LaTeX Info: Redefining \pageref on input line 62.
LaTeX Info: Redefining \nameref on input line 62.

(/home/antalcides/texmf/tex/pythontex/pythontex/pythontex.out)
(/home/antalcides/texmf/tex/pythontex/pythontex/pythontex.out)
\@outlinefile=\write7
\openout7 = `pythontex.out'.



Package hyperref Warning: Rerun to get /PageLabels entry.

(./pythontex.dtx
***************************
* Character table correct *
***************************
LaTeX Font Info:    Try loading font information for T1+lmss on input line 335.

(/usr/local/texlive/2013/texmf-dist/tex/latex/lm/t1lmss.fd
File: t1lmss.fd 2009/10/30 v1.6 Font defs for Latin Modern
)
LaTeX Font Info:    Try loading font information for OT1+lmr on input line 335.


(/usr/local/texlive/2013/texmf-dist/tex/latex/lm/ot1lmr.fd
File: ot1lmr.fd 2009/10/30 v1.6 Font defs for Latin Modern
)
LaTeX Font Info:    Try loading font information for OML+lmm on input line 335.


(/usr/local/texlive/2013/texmf-dist/tex/latex/lm/omllmm.fd
File: omllmm.fd 2009/10/30 v1.6 Font defs for Latin Modern
)
LaTeX Font Info:    Try loading font information for OMS+lmsy on input line 335
.

(/usr/local/texlive/2013/texmf-dist/tex/latex/lm/omslmsy.fd
File: omslmsy.fd 2009/10/30 v1.6 Font defs for Latin Modern
)
LaTeX Font Info:    Try loading font information for OMX+lmex on input line 335
.

(/usr/local/texlive/2013/texmf-dist/tex/latex/lm/omxlmex.fd
File: omxlmex.fd 2009/10/30 v1.6 Font defs for Latin Modern
)
LaTeX Font Info:    External font `lmex10' loaded for size
(Font)              <12> on input line 335.
LaTeX Font Info:    External font `lmex10' loaded for size
(Font)              <8> on input line 335.
LaTeX Font Info:    External font `lmex10' loaded for size
(Font)              <6> on input line 335.
LaTeX Font Info:    Try loading font information for T1+lmtt on input line 335.


(/usr/local/texlive/2013/texmf-dist/tex/latex/lm/t1lmtt.fd
File: t1lmtt.fd 2009/10/30 v1.6 Font defs for Latin Modern
)
LaTeX Font Info:    External font `lmex10' loaded for size
(Font)              <9> on input line 337.
LaTeX Font Info:    External font `lmex10' loaded for size
(Font)              <5> on input line 337.
LaTeX Font Info:    External font `lmex10' loaded for size
(Font)              <10> on input line 349.
LaTeX Font Info:    External font `lmex10' loaded for size
(Font)              <7> on input line 349.
 [1

]
(/home/antalcides/texmf/tex/pythontex/pythontex/pythontex.toc
Overfull \hbox (3.5568pt too wide) in paragraph at lines 16--16
 [][] [] [][]  
 []

LaTeX Font Info:    Font shape `T1/lmtt/bx/n' in size <10> not available
(Font)              Font shape `T1/lmtt/b/n' tried instead on input line 24.
[2] [3])
\tf@toc=\write8
\openout8 = `pythontex.toc'.

 [4]
Overfull \hbox (12.38806pt too wide) in paragraph at lines 359--360
\T1/lmr/m/n/10 To jump right in and get started, you may wish to con-sult the [
]\T1/lmtt/m/n/10 pythontex_quickstart
 []

LaTeX Font Info:    Try loading font information for TS1+lmr on input line 363.

(/usr/local/texlive/2013/texmf-dist/tex/latex/lm/ts1lmr.fd
File: ts1lmr.fd 2009/10/30 v1.6 Font defs for Latin Modern
) [5] [6] [7]
Overfull \hbox (118.49844pt too wide) in paragraph at lines 400--401
\T1/lmr/m/n/10 and BibT[]X en-try avail-able at [][][][][][]. 
 []

[8]
Overfull \hbox (28.27657pt too wide) in paragraph at lines 419--420
[]\T1/lmr/m/n/10 Main script []\T1/lmtt/m/n/10 pythontex.py\T1/lmr/m/n/10 , whi
ch im-ports from []\T1/lmtt/m/n/10 pythontex2.py \T1/lmr/m/n/10 or []\T1/lmtt/m
/n/10 pythontex3.py\T1/lmr/m/n/10 ,
 []


Overfull \hbox (8.30388pt too wide) in paragraph at lines 422--423
[][]\T1/lmtt/m/n/10 depythontex.py\T1/lmr/m/n/10 , which im-ports from []\T1/lm
tt/m/n/10 depythontex2.py \T1/lmr/m/n/10 or []\T1/lmtt/m/n/10 depythontex3.py\T
1/lmr/m/n/10 ,
 []


Overfull \hbox (10.3297pt too wide) in paragraph at lines 431--432
\T1/lmr/m/n/10 The style file []\T1/lmtt/m/n/10 pythontex.sty \T1/lmr/m/n/10 ma
y be gen-er-ated by run-ning L[]T[]X on []\T1/lmtt/m/n/10 pythontex.ins\T1/lmr/
m/n/10 .
 []

[9] [10]
Overfull \hbox (30.71727pt too wide) in paragraph at lines 487--487
[][][][][][][]\T1/lmr/m/n/8 See [][][][][][]
 []

[11] [12]
Overfull \hbox (5.8884pt too wide) in paragraph at lines 500--501
[][]\T1/lmtt/m/n/10 --rerun={never,modified,errors,warnings,always} \T1/lmr/m/n
/10 This sets the thresh-
 []

[13]
Overfull \hbox (18.93376pt too wide) in paragraph at lines 519--520
[]\T1/lmtt/m/n/10 --debug session\T1/lmr/m/n/10 ). The full com-bi-na-tion of [
]\T1/lmtt/m/n/10 [<family>:<session>:<restart>]
 []


Overfull \hbox (18.93376pt too wide) in paragraph at lines 535--536
[]\T1/lmtt/m/n/10 --debug session\T1/lmr/m/n/10 ). The full com-bi-na-tion of [
]\T1/lmtt/m/n/10 [<family>:<session>:<restart>]
 []

[14] [15]
Overfull \hbox (108.86337pt too wide) in paragraph at lines 564--564
 []|\T1/lmtt/m/n/9 usefamily=$\OMS/lmsy/m/n/9 h$[]\T1/lmtt/m/it/9 basename$\OMS
/lmsy/m/n/9 i$[]\T1/lmtt/m/n/9 /{$\OMS/lmsy/m/n/9 h$[]\T1/lmtt/m/it/9 basename1
, basename2, ...$\OMS/lmsy/m/n/9 i$[]\T1/lmtt/m/n/9 }
 []

[16]
Overfull \hbox (77.1746pt too wide) in paragraph at lines 594--594
 []|\T1/lmtt/m/n/9 rerun=never/modified/errors/warnings/always
 []


Overfull \hbox (33.9566pt too wide) in paragraph at lines 601--601
 []|\T1/lmtt/m/n/9 hashdependencies=$\OMS/lmsy/m/n/9 h$[]\T1/lmtt/m/it/9 none$\
OMS/lmsy/m/n/9 i$[]\T1/lmtt/m/n/9 /true/false
 []


Overfull \hbox (0.88167pt too wide) in paragraph at lines 608--608
 []|\T1/lmtt/m/n/9 autoprint=$\OMS/lmsy/m/n/9 h$[]\T1/lmtt/m/it/9 none$\OMS/lms
y/m/n/9 i$[]\T1/lmtt/m/n/9 /true/false
 []


Overfull \hbox (5.60666pt too wide) in paragraph at lines 610--610
 []|\T1/lmtt/m/n/9 autostdout=$\OMS/lmsy/m/n/9 h$[]\T1/lmtt/m/it/9 none$\OMS/lm
sy/m/n/9 i$[]\T1/lmtt/m/n/9 /true/false
 []


LaTeX Warning: Marginpar on page 17 moved.


Overfull \hbox (30.01712pt too wide) in paragraph at lines 616--617
\T1/lmr/m/n/10 u-ment. This may be over-rid-den within the doc-u-ment us-ing th
e []\T1/lmtt/m/n/10 \setpythontexautoprint
 []

[17]
Overfull \hbox (5.60666pt too wide) in paragraph at lines 627--627
 []|\T1/lmtt/m/n/9 makestderr=$\OMS/lmsy/m/n/9 h$[]\T1/lmtt/m/it/9 none$\OMS/lm
sy/m/n/9 i$[]\T1/lmtt/m/n/9 /true/false
 []


Overfull \hbox (124.42451pt too wide) in paragraph at lines 631--631
 []|\T1/lmtt/m/n/9 stderrfilename=full/session/genericfile/genericscript
 []


Overfull \hbox (36.81454pt too wide) in paragraph at lines 637--638
\T1/lmr/m/n/10 was ex-e-cuted. The name will be in the form $\OMS/lmsy/m/n/10 h
$[]\T1/lmr/m/it/10 family name$\OMS/lmsy/m/n/10 i$[][]\T1/lmtt/m/n/10 _$\OMS/lm
sy/m/n/10 h$[]\T1/lmr/m/it/10 session$\OMS/lmsy/m/n/10 i$[][]\T1/lmtt/m/n/10 _$
\OMS/lmsy/m/n/10 h$[]\T1/lmr/m/it/10 restart$\OMS/lmsy/m/n/10 i$[][]\T1/lmtt/m/
n/10 .$\OMS/lmsy/m/n/10 h$[]\T1/lmr/m/it/10 extension$\OMS/lmsy/m/n/10 i$[]\T1/
lmr/m/n/10 .
 []


Overfull \hbox (13.36127pt too wide) in paragraph at lines 637--638
[]\T1/lmtt/m/n/10 mysession\T1/lmr/m/n/10 , us-ing the de-fault restart (that i
s, the de-fault []\T1/lmtt/m/n/10 \restartpythontexsession
 []


Overfull \hbox (6.29974pt too wide) in paragraph at lines 646--646
 []|\T1/lmtt/m/n/9 pyconfuture=none/all/default
 []

[18]
LaTeX Font Info:    Try loading font information for TS1+lmtt on input line 653
.
 (/usr/local/texlive/2013/texmf-dist/tex/latex/lm/ts1lmtt.fd
File: ts1lmtt.fd 2009/10/30 v1.6 Font defs for Latin Modern
)
Overfull \hbox (15.05664pt too wide) in paragraph at lines 661--661
 []|\T1/lmtt/m/n/9 keeptemps=$\OMS/lmsy/m/n/9 h$[]\T1/lmtt/m/it/9 none$\OMS/lms
y/m/n/9 i$[]\T1/lmtt/m/n/9 /all/code/none
 []


Overfull \hbox (20.47472pt too wide) in paragraph at lines 665--665
 []|\T1/lmtt/m/n/9 prettyprinter=pygments/fancyvrb
 []


Overfull \hbox (38.6816pt too wide) in paragraph at lines 672--672
 []|\T1/lmtt/m/n/9 prettyprintinline=$\OMS/lmsy/m/n/9 h$[]\T1/lmtt/m/it/9 none$
\OMS/lmsy/m/n/9 i$[]\T1/lmtt/m/n/9 /true/false
 []


Overfull \hbox (0.90674pt too wide) in paragraph at lines 679--680
\T1/lmr/m/n/10 us-ing Pyg-ments rather than []\T1/lmtt/m/n/10 fancyvrb\T1/lmr/m
/n/10 . It is an alias for []\T1/lmtt/m/n/10 prettyprinter=pygments\T1/lmr/m/n/
10 . 
 []


Overfull \hbox (0.88167pt too wide) in paragraph at lines 682--682
 []|\T1/lmtt/m/n/9 pyginline=$\OMS/lmsy/m/n/9 h$[]\T1/lmtt/m/it/9 none$\OMS/lms
y/m/n/9 i$[]\T1/lmtt/m/n/9 /true/false
 []

[19]
Overfull \hbox (0.88167pt too wide) in paragraph at lines 694--694
 []|\T1/lmtt/m/n/9 pygopt={$\OMS/lmsy/m/n/9 h$[]\T1/lmtt/m/it/9 pygments option
s$\OMS/lmsy/m/n/9 i$[]\T1/lmtt/m/n/9 }
 []


Overfull \hbox (2.38773pt too wide) in paragraph at lines 696--697
\T1/lmr/m/n/10 Ex-am-ple: []\T1/lmtt/m/n/10 pygopt={style=colorful, texcomments
=True, mathescape=False}\T1/lmr/m/n/10 . 
 []


Overfull \hbox (77.1746pt too wide) in paragraph at lines 706--706
 []|\T1/lmtt/m/n/9 pyconbanner=none/standard/default/pyversion
 []


Overfull \hbox (1.57475pt too wide) in paragraph at lines 711--711
 []|\T1/lmtt/m/n/9 pyconfilename=stdin/console
 []

[20]
Overfull \hbox (10.33165pt too wide) in paragraph at lines 723--723
 []|\T1/lmtt/m/n/9 depythontex=$\OMS/lmsy/m/n/9 h$[]\T1/lmtt/m/it/9 none$\OMS/l
msy/m/n/9 i$[]\T1/lmtt/m/n/9 /true/false
 []

[21]
Overfull \hbox (107.4772pt too wide) in paragraph at lines 746--746
 []|\T1/lmtt/m/n/9 \py[$\OMS/lmsy/m/n/9 h$[]\T1/lmtt/m/it/9 session$\OMS/lmsy/m
/n/9 i$[]\T1/lmtt/m/n/9 ]$\OMS/lmsy/m/n/9 h$[]\T1/lmtt/m/it/9 opening delim$\OM
S/lmsy/m/n/9 i$$h$\T1/lmtt/m/it/9 code$\OMS/lmsy/m/n/9 i$$h$\T1/lmtt/m/it/9 clo
sing delim$\OMS/lmsy/m/n/9 i$
 []

[22]
Overfull \hbox (112.2022pt too wide) in paragraph at lines 756--756
 []|\T1/lmtt/m/n/9 \pyc[$\OMS/lmsy/m/n/9 h$[]\T1/lmtt/m/it/9 session$\OMS/lmsy/
m/n/9 i$[]\T1/lmtt/m/n/9 ]$\OMS/lmsy/m/n/9 h$[]\T1/lmtt/m/it/9 opening delim$\O
MS/lmsy/m/n/9 i$$h$\T1/lmtt/m/it/9 code$\OMS/lmsy/m/n/9 i$$h$\T1/lmtt/m/it/9 cl
osing delim$\OMS/lmsy/m/n/9 i$
 []


Overfull \hbox (112.2022pt too wide) in paragraph at lines 760--760
 []|\T1/lmtt/m/n/9 \pyv[$\OMS/lmsy/m/n/9 h$[]\T1/lmtt/m/it/9 session$\OMS/lmsy/
m/n/9 i$[]\T1/lmtt/m/n/9 ]$\OMS/lmsy/m/n/9 h$[]\T1/lmtt/m/it/9 opening delim$\O
MS/lmsy/m/n/9 i$$h$\T1/lmtt/m/it/9 code$\OMS/lmsy/m/n/9 i$$h$\T1/lmtt/m/it/9 cl
osing delim$\OMS/lmsy/m/n/9 i$
 []


Overfull \hbox (112.2022pt too wide) in paragraph at lines 764--764
 []|\T1/lmtt/m/n/9 \pyb[$\OMS/lmsy/m/n/9 h$[]\T1/lmtt/m/it/9 session$\OMS/lmsy/
m/n/9 i$[]\T1/lmtt/m/n/9 ]$\OMS/lmsy/m/n/9 h$[]\T1/lmtt/m/it/9 opening delim$\O
MS/lmsy/m/n/9 i$$h$\T1/lmtt/m/it/9 code$\OMS/lmsy/m/n/9 i$$h$\T1/lmtt/m/it/9 cl
osing delim$\OMS/lmsy/m/n/9 i$
 []


Overfull \hbox (56.88847pt too wide) in paragraph at lines 771--771
 []|\T1/lmtt/m/n/9 pycode [$\OMS/lmsy/m/n/9 h$[]\T1/lmtt/m/it/9 session$\OMS/lm
sy/m/n/9 i$[]\T1/lmtt/m/n/9 ][$\OMS/lmsy/m/n/9 h$[]\T1/lmtt/m/it/9 fancyvrb set
tings$\OMS/lmsy/m/n/9 i$[]\T1/lmtt/m/n/9 ]
 []


Overfull \hbox (75.78844pt too wide) in paragraph at lines 776--776
 []|\T1/lmtt/m/n/9 pyverbatim [$\OMS/lmsy/m/n/9 h$[]\T1/lmtt/m/it/9 session$\OM
S/lmsy/m/n/9 i$[]\T1/lmtt/m/n/9 ][$\OMS/lmsy/m/n/9 h$[]\T1/lmtt/m/it/9 fancyvrb
 settings$\OMS/lmsy/m/n/9 i$[]\T1/lmtt/m/n/9 ]
 []


Overfull \hbox (61.61346pt too wide) in paragraph at lines 781--781
 []|\T1/lmtt/m/n/9 pyblock [$\OMS/lmsy/m/n/9 h$[]\T1/lmtt/m/it/9 session$\OMS/l
msy/m/n/9 i$[]\T1/lmtt/m/n/9 ][$\OMS/lmsy/m/n/9 h$[]\T1/lmtt/m/it/9 fancyvrb se
ttings$\OMS/lmsy/m/n/9 i$[]\T1/lmtt/m/n/9 ]
 []

[23]
Overfull \hbox (71.06345pt too wide) in paragraph at lines 794--794
 []|\T1/lmtt/m/n/9 pyconsole [$\OMS/lmsy/m/n/9 h$[]\T1/lmtt/m/it/9 session$\OMS
/lmsy/m/n/9 i$[]\T1/lmtt/m/n/9 ][$\OMS/lmsy/m/n/9 h$[]\T1/lmtt/m/it/9 fancyvrb 
settings$\OMS/lmsy/m/n/9 i$[]\T1/lmtt/m/n/9 ]
 []


Overfull \hbox (121.65218pt too wide) in paragraph at lines 813--813
 []|\T1/lmtt/m/n/9 \pycon[$\OMS/lmsy/m/n/9 h$[]\T1/lmtt/m/it/9 session$\OMS/lms
y/m/n/9 i$[]\T1/lmtt/m/n/9 ]$\OMS/lmsy/m/n/9 h$[]\T1/lmtt/m/it/9 opening delim$
\OMS/lmsy/m/n/9 i$$h$\T1/lmtt/m/it/9 code$\OMS/lmsy/m/n/9 i$$h$\T1/lmtt/m/it/9 
closing delim$\OMS/lmsy/m/n/9 i$
 []

[24]
Overfull \hbox (22.60968pt too wide) in paragraph at lines 836--837
[]\T1/lmr/m/n/10 Base name []\T1/lmtt/m/n/10 pylabcon\T1/lmr/m/n/10 : []\T1/lmt
t/m/n/10 \pylabcon\T1/lmr/m/n/10 , []\T1/lmtt/m/n/10 \pylabconc\T1/lmr/m/n/10 ,
 []\T1/lmtt/m/n/10 \pylabconv\T1/lmr/m/n/10 , []\T1/lmtt/m/n/10 pylabconsole\T1
/lmr/m/n/10 ,
 []


Overfull \hbox (22.60968pt too wide) in paragraph at lines 843--844
[]\T1/lmr/m/n/10 Base name []\T1/lmtt/m/n/10 sympycon\T1/lmr/m/n/10 : []\T1/lmt
t/m/n/10 \sympycon\T1/lmr/m/n/10 , []\T1/lmtt/m/n/10 \sympyconc\T1/lmr/m/n/10 ,
 []\T1/lmtt/m/n/10 \sympyconv\T1/lmr/m/n/10 , []\T1/lmtt/m/n/10 sympyconsole\T1
/lmr/m/n/10 ,
 []


Overfull \hbox (8.74867pt too wide) in paragraph at lines 849--850
[]\T1/lmr/m/n/10 Under Python 2.7, all non-[]\T1/lmtt/m/n/10 console \T1/lmr/m/
n/10 fam-i-lies im-port []\T1/lmtt/m/n/10 absolute_import\T1/lmr/m/n/10 , []\T1
/lmtt/m/n/10 division\T1/lmr/m/n/10 ,
 []

[25]
Overfull \hbox (93.99532pt too wide) in paragraph at lines 868--868
 []|\T1/lmtt/m/n/9 \pythontexcustomc[$\OMS/lmsy/m/n/9 h$[]\T1/lmtt/m/it/9 posit
ion$\OMS/lmsy/m/n/9 i$[]\T1/lmtt/m/n/9 ]{$\OMS/lmsy/m/n/9 h$[]\T1/lmtt/m/it/9 f
amily$\OMS/lmsy/m/n/9 i$[]\T1/lmtt/m/n/9 }{$\OMS/lmsy/m/n/9 h$[]\T1/lmtt/m/it/9
 code$\OMS/lmsy/m/n/9 i$[]\T1/lmtt/m/n/9 }
 []


Overfull \hbox (66.33846pt too wide) in paragraph at lines 877--877
 []|\T1/lmtt/m/n/9 pythontexcustomcode[$\OMS/lmsy/m/n/9 h$[]\T1/lmtt/m/it/9 pos
ition$\OMS/lmsy/m/n/9 i$[]\T1/lmtt/m/n/9 ]{$\OMS/lmsy/m/n/9 h$[]\T1/lmtt/m/it/9
 family$\OMS/lmsy/m/n/9 i$[]\T1/lmtt/m/n/9 }
 []

[26]
Overfull \hbox (33.34035pt too wide) in paragraph at lines 889--891
\T1/lmr/m/n/10 con-verted into strings in com-mands such as []\T1/lmtt/m/n/10 \
py\T1/lmr/m/n/10 . The []\T1/lmtt/m/n/10 pytex.set_formatter($\OMS/lmsy/m/n/10 
h$[]\T1/lmr/m/it/10 formatter$\OMS/lmsy/m/n/10 i$[][]\T1/lmtt/m/n/10 )
 []


Overfull \hbox (1.27866pt too wide) in paragraph at lines 892--893
[][]\T1/lmtt/m/n/10 'sympy_latex' \T1/lmr/m/n/10 uses SymPy's []\T1/lmtt/m/n/10
 LatexPrinter \T1/lmr/m/n/10 class to re-turn context-sensitive
 []


Overfull \hbox (20.085pt too wide) in paragraph at lines 892--893
\T1/lmr/m/n/10 scripts). Set-tings are cre-ated via []\T1/lmtt/m/n/10 pytex.set
_sympy_latex($\OMS/lmsy/m/n/10 h$[]\T1/lmr/m/it/10 context$\OMS/lmsy/m/n/10 i$[
][]\T1/lmtt/m/n/10 ,$\OMS/lmsy/m/n/10 h$[]\T1/lmr/m/it/10 settings$\OMS/lmsy/m/
n/10 i$[][]\T1/lmtt/m/n/10 )\T1/lmr/m/n/10 .
 []


Overfull \hbox (0.8882pt too wide) in paragraph at lines 892--893
\T1/lmr/m/n/10 For ex-am-ple, []\T1/lmtt/m/n/10 pytex.set_sympy_latex('display'
, mul_symbol='times')
 []

[27] [28]
Overfull \hbox (29.09933pt too wide) in paragraph at lines 928--928
 []        \T1/lmtt/m/n/9 warnings.warn('Unsupported mode {0} for file tracking
'.format(mode))[] 
 []

[29] [30]
Overfull \hbox (89.96341pt too wide) in paragraph at lines 986--986
 []|\T1/lmtt/m/n/9 \setpythontexfv[$\OMS/lmsy/m/n/9 h$[]\T1/lmtt/m/it/9 family$
\OMS/lmsy/m/n/9 i$[]\T1/lmtt/m/n/9 ]{$\OMS/lmsy/m/n/9 h$[]\T1/lmtt/m/it/9 fancy
vrb settings$\OMS/lmsy/m/n/9 i$[]\T1/lmtt/m/n/9 }
 []


Overfull \hbox (94.6884pt too wide) in paragraph at lines 995--995
 []|\T1/lmtt/m/n/9 \setpythontexprettyprinter[$\OMS/lmsy/m/n/9 h$[]\T1/lmtt/m/i
t/9 family$\OMS/lmsy/m/n/9 i$[]\T1/lmtt/m/n/9 ]{$\OMS/lmsy/m/n/9 h$[]\T1/lmtt/m
/it/9 printer$\OMS/lmsy/m/n/9 i$[]\T1/lmtt/m/n/9 }
 []

[31]
Overfull \hbox (104.13838pt too wide) in paragraph at lines 1002--1002
 []|\T1/lmtt/m/n/9 \setpythontexpyglexer[$\OMS/lmsy/m/n/9 h$[]\T1/lmtt/m/it/9 f
amily$\OMS/lmsy/m/n/9 i$[]\T1/lmtt/m/n/9 ]{$\OMS/lmsy/m/n/9 h$[]\T1/lmtt/m/it/9
 pygments lexer$\OMS/lmsy/m/n/9 i$[]\T1/lmtt/m/n/9 }
 []


Overfull \hbox (104.13838pt too wide) in paragraph at lines 1008--1008
 []|\T1/lmtt/m/n/9 \setpythontexpygopt[$\OMS/lmsy/m/n/9 h$[]\T1/lmtt/m/it/9 fam
ily$\OMS/lmsy/m/n/9 i$[]\T1/lmtt/m/n/9 ]{$\OMS/lmsy/m/n/9 h$[]\T1/lmtt/m/it/9 p
ygments options$\OMS/lmsy/m/n/9 i$[]\T1/lmtt/m/n/9 }
 []


Overfull \hbox (33.26352pt too wide) in paragraph at lines 1019--1019
 []|\T1/lmtt/m/n/9 \printpythontex[$\OMS/lmsy/m/n/9 h$[]\T1/lmtt/m/it/9 mode$\O
MS/lmsy/m/n/9 i$[]\T1/lmtt/m/n/9 ][$\OMS/lmsy/m/n/9 h$[]\T1/lmtt/m/it/9 options
$\OMS/lmsy/m/n/9 i$[]\T1/lmtt/m/n/9 ]
 []


Overfull \hbox (37.98851pt too wide) in paragraph at lines 1021--1021
 []|\T1/lmtt/m/n/9 \stdoutpythontex[$\OMS/lmsy/m/n/9 h$[]\T1/lmtt/m/it/9 mode$\
OMS/lmsy/m/n/9 i$[]\T1/lmtt/m/n/9 ][$\OMS/lmsy/m/n/9 h$[]\T1/lmtt/m/it/9 option
s$\OMS/lmsy/m/n/9 i$[]\T1/lmtt/m/n/9 ]
 []


Overfull \hbox (0.88167pt too wide) in paragraph at lines 1028--1028
 []|\T1/lmtt/m/n/9 \saveprintpythontex{$\OMS/lmsy/m/n/9 h$[]\T1/lmtt/m/it/9 nam
e$\OMS/lmsy/m/n/9 i$[]\T1/lmtt/m/n/9 }
 []


Overfull \hbox (5.60666pt too wide) in paragraph at lines 1030--1030
 []|\T1/lmtt/m/n/9 \savestdoutpythontex{$\OMS/lmsy/m/n/9 h$[]\T1/lmtt/m/it/9 na
me$\OMS/lmsy/m/n/9 i$[]\T1/lmtt/m/n/9 }
 []


Overfull \hbox (183.77014pt too wide) in paragraph at lines 1032--1032
 []|\T1/lmtt/m/n/9 \useprintpythontex[$\OMS/lmsy/m/n/9 h$[]\T1/lmtt/m/it/9 verb
atim options$\OMS/lmsy/m/n/9 i$[]\T1/lmtt/m/n/9 ][$\OMS/lmsy/m/n/9 h$[]\T1/lmtt
/m/it/9 fancyvrb options$\OMS/lmsy/m/n/9 i$[]\T1/lmtt/m/n/9 ]{$\OMS/lmsy/m/n/9 
h$[]\T1/lmtt/m/it/9 name$\OMS/lmsy/m/n/9 i$[]\T1/lmtt/m/n/9 }
 []


Overfull \hbox (188.49513pt too wide) in paragraph at lines 1034--1034
 []|\T1/lmtt/m/n/9 \usestdoutpythontex[$\OMS/lmsy/m/n/9 h$[]\T1/lmtt/m/it/9 ver
batim options$\OMS/lmsy/m/n/9 i$[]\T1/lmtt/m/n/9 ][$\OMS/lmsy/m/n/9 h$[]\T1/lmt
t/m/it/9 fancyvrb options$\OMS/lmsy/m/n/9 i$[]\T1/lmtt/m/n/9 ]{$\OMS/lmsy/m/n/9
 h$[]\T1/lmtt/m/it/9 name$\OMS/lmsy/m/n/9 i$[]\T1/lmtt/m/n/9 }
 []


Overfull \hbox (80.51343pt too wide) in paragraph at lines 1038--1038
 []|\T1/lmtt/m/n/9 \stderrpythontex[$\OMS/lmsy/m/n/9 h$[]\T1/lmtt/m/it/9 mode$\
OMS/lmsy/m/n/9 i$[]\T1/lmtt/m/n/9 ][$\OMS/lmsy/m/n/9 h$[]\T1/lmtt/m/it/9 fancyv
rb options$\OMS/lmsy/m/n/9 i$[]\T1/lmtt/m/n/9 ]
 []

[32]
Overfull \hbox (9.38858pt too wide) in paragraph at lines 1048--1049
[]\T1/lmtt/m/n/10 mysession\T1/lmr/m/n/10 , us-ing the de-fault group (that is,
 the de-fault []\T1/lmtt/m/n/10 \restartpythontexsession
 []


Overfull \hbox (5.60666pt too wide) in paragraph at lines 1051--1051
 []|\T1/lmtt/m/n/9 \savestderrpythontex{$\OMS/lmsy/m/n/9 h$[]\T1/lmtt/m/it/9 na
me$\OMS/lmsy/m/n/9 i$[]\T1/lmtt/m/n/9 }
 []


Overfull \hbox (131.79524pt too wide) in paragraph at lines 1053--1053
 []|\T1/lmtt/m/n/9 \usestderrpythontex[$\OMS/lmsy/m/n/9 h$[]\T1/lmtt/m/it/9 mod
e$\OMS/lmsy/m/n/9 i$[]\T1/lmtt/m/n/9 ][$\OMS/lmsy/m/n/9 h$[]\T1/lmtt/m/it/9 fan
cyvrb options$\OMS/lmsy/m/n/9 i$[]\T1/lmtt/m/n/9 ]{$\OMS/lmsy/m/n/9 h$[]\T1/lmt
t/m/it/9 name$\OMS/lmsy/m/n/9 i$[]\T1/lmtt/m/n/9 }
 []


Overfull \hbox (29.23161pt too wide) in paragraph at lines 1058--1058
 []|\T1/lmtt/m/n/9 \setpythontexautoprint{$\OMS/lmsy/m/n/9 h$[]\T1/lmtt/m/it/9 
boolean$\OMS/lmsy/m/n/9 i$[]\T1/lmtt/m/n/9 }
 []


Overfull \hbox (33.9566pt too wide) in paragraph at lines 1060--1060
 []|\T1/lmtt/m/n/9 \setpythontexautostdout{$\OMS/lmsy/m/n/9 h$[]\T1/lmtt/m/it/9
 boolean$\OMS/lmsy/m/n/9 i$[]\T1/lmtt/m/n/9 }
 []


Overfull \hbox (121.65218pt too wide) in paragraph at lines 1069--1069
 []|\T1/lmtt/m/n/9 \pygment{$\OMS/lmsy/m/n/9 h$[]\T1/lmtt/m/it/9 lexer$\OMS/lms
y/m/n/9 i$[]\T1/lmtt/m/n/9 }$\OMS/lmsy/m/n/9 h$[]\T1/lmtt/m/it/9 opening delim$
\OMS/lmsy/m/n/9 i$$h$\T1/lmtt/m/it/9 code$\OMS/lmsy/m/n/9 i$$h$\T1/lmtt/m/it/9 
closing delim$\OMS/lmsy/m/n/9 i$
 []

[33]
Overfull \hbox (56.88847pt too wide) in paragraph at lines 1076--1076
 []|\T1/lmtt/m/n/9 pygments [$\OMS/lmsy/m/n/9 h$[]\T1/lmtt/m/it/9 fancyvrb sett
ings$\OMS/lmsy/m/n/9 i$[]\T1/lmtt/m/n/9 ]{$\OMS/lmsy/m/n/9 h$[]\T1/lmtt/m/it/9 
lexer$\OMS/lmsy/m/n/9 i$[]\T1/lmtt/m/n/9 }
 []


Overfull \hbox (160.14519pt too wide) in paragraph at lines 1081--1081
 []|\T1/lmtt/m/n/9 \inputpygments[$\OMS/lmsy/m/n/9 h$[]\T1/lmtt/m/it/9 fancyvrb
 settings$\OMS/lmsy/m/n/9 i$[]\T1/lmtt/m/n/9 ]{$\OMS/lmsy/m/n/9 h$[]\T1/lmtt/m/
it/9 lexer$\OMS/lmsy/m/n/9 i$[]\T1/lmtt/m/n/9 }{$\OMS/lmsy/m/n/9 h$[]\T1/lmtt/m
/it/9 external file$\OMS/lmsy/m/n/9 i$[]\T1/lmtt/m/n/9 }
 []


Overfull \hbox (80.51343pt too wide) in paragraph at lines 1086--1086
 []|\T1/lmtt/m/n/9 \setpygmentsfv[$\OMS/lmsy/m/n/9 h$[]\T1/lmtt/m/it/9 lexer$\O
MS/lmsy/m/n/9 i$[]\T1/lmtt/m/n/9 ]{$\OMS/lmsy/m/n/9 h$[]\T1/lmtt/m/it/9 fancyvr
b settings$\OMS/lmsy/m/n/9 i$[]\T1/lmtt/m/n/9 }
 []


Overfull \hbox (94.6884pt too wide) in paragraph at lines 1091--1091
 []|\T1/lmtt/m/n/9 \setpygmentspygopt[$\OMS/lmsy/m/n/9 h$[]\T1/lmtt/m/it/9 lexe
r$\OMS/lmsy/m/n/9 i$[]\T1/lmtt/m/n/9 ]{$\OMS/lmsy/m/n/9 h$[]\T1/lmtt/m/it/9 pyg
ments options$\OMS/lmsy/m/n/9 i$[]\T1/lmtt/m/n/9 }
 []


Overfull \hbox (43.40659pt too wide) in paragraph at lines 1098--1098
 []|\T1/lmtt/m/n/9 \setpygmentsprettyprinter{$\OMS/lmsy/m/n/9 h$[]\T1/lmtt/m/it
/9 printer$\OMS/lmsy/m/n/9 i$[]\T1/lmtt/m/n/9 }
 []


Overfull \hbox (161.53136pt too wide) in paragraph at lines 1113--1113
 []|\T1/lmtt/m/n/9 \setpythontexlistingenv{$\OMS/lmsy/m/n/9 h$[]\T1/lmtt/m/it/9
 alternate listing environment name$\OMS/lmsy/m/n/9 i$[]\T1/lmtt/m/n/9 }
 []

[34]
Overfull \hbox (9.99915pt too wide) in paragraph at lines 1142--1143
[][]\T1/lmtt/m/n/10 abc = 123  # An important line of code!\label{lst:important
} 
 []

[35]
Overfull \hbox (57.58156pt too wide) in paragraph at lines 1160--1160
 []|\T1/lmtt/m/n/9 \setpythontexcontext{$\OMS/lmsy/m/n/9 h$[]\T1/lmtt/m/it/9 ke
y-value pairs$\OMS/lmsy/m/n/9 i$[]\T1/lmtt/m/n/9 }
 []


Overfull \hbox (24.05518pt too wide) in paragraph at lines 1168--1169
\T1/lmr/m/n/10 Python would re-ceive a string some-thing like []\T1/lmtt/m/n/10
 "textwidth=390pt, textheight=592pt"\T1/lmr/m/n/10 .
 []

[36]
Overfull \hbox (81.20651pt too wide) in paragraph at lines 1182--1182
 []|\T1/lmtt/m/n/9 \restartpythontexsession{$\OMS/lmsy/m/n/9 h$[]\T1/lmtt/m/it/
9 counter value(s)$\OMS/lmsy/m/n/9 i$[]\T1/lmtt/m/n/9 }
 []


Overfull \hbox (71.75653pt too wide) in paragraph at lines 1194--1194
 []|\T1/lmtt/m/n/9 \setpythontexoutputdir{$\OMS/lmsy/m/n/9 h$[]\T1/lmtt/m/it/9 
output directory$\OMS/lmsy/m/n/9 i$[]\T1/lmtt/m/n/9 }
 []

[37]
Overfull \hbox (81.20651pt too wide) in paragraph at lines 1200--1200
 []|\T1/lmtt/m/n/9 \setpythontexworkingdir{$\OMS/lmsy/m/n/9 h$[]\T1/lmtt/m/it/9
 working directory$\OMS/lmsy/m/n/9 i$[]\T1/lmtt/m/n/9 }
 []

[38] [39]
LaTeX Font Info:    Font shape `T1/lmtt/bx/n' in size <14.4> not available
(Font)              Font shape `T1/lmtt/b/n' tried instead on input line 1242.
 [40] [41] [42] [43] [44] [45]
LaTeX Font Info:    External font `lmex10' loaded for size
(Font)              <14.4> on input line 1342.
\c@pytx@py@default@default=\count128


Package PythonTeX Warning: Missing autoprint content on input line 1353.


Package PythonTeX Warning: Missing autoprint content on input line 1358.

[46] [47] [48] [49]
Underfull \hbox (badness 5862) in paragraph at lines 1454--1454
[][][][][][][]\T1/lmr/m/n/8 Python tem-plates can im-port the PythonT[]X util-i
-ties class. In that case,
 []

[50]
Overfull \hbox (35.11028pt too wide) in paragraph at lines 1461--1462
[][]\T1/lmtt/m/n/10 cleanup()\T1/lmr/m/n/10 : This prints a de-pen-den-cies de-
lim-iter string []\T1/lmtt/m/n/10 {dependencies_delim}
 []

[51] [52] [53]
Overfull \hbox (66.33846pt too wide) in paragraph at lines 1519--1519
 []|\T1/lmtt/m/n/9 \makepythontexfamily[$\OMS/lmsy/m/n/9 h$[]\T1/lmtt/m/it/9 op
tions$\OMS/lmsy/m/n/9 i$[]\T1/lmtt/m/n/9 ]{$\OMS/lmsy/m/n/9 h$[]\T1/lmtt/m/it/9
 engine$\OMS/lmsy/m/n/9 i$[]\T1/lmtt/m/n/9 }
 []


LaTeX Warning: Reference `sec:installing-and-running:compiling' on page 54 unde
fined on input line 1534.

[54] [55] [56] [57] [58] [59]
Overfull \hbox (0.77838pt too wide) in paragraph at lines 1643--1643
\T1/lmr/m/n/10 to ac-cess the \T1/lmtt/m/n/10 context \T1/lmr/m/n/10 at-tribute
 (\T1/lmtt/m/n/10 pytex.context \T1/lmr/m/n/10 vs. \T1/lmtt/m/n/10 pytex.input_
context\T1/lmr/m/n/10 ). 
 []

[60] [61]
Overfull \hbox (19.58301pt too wide) in paragraph at lines 1643--1643
[]\T1/lmr/m/n/10 Merged \T1/lmtt/m/n/10 pythontex_types*.py \T1/lmr/m/n/10 into
 a sin-gle re-place-ment \T1/lmtt/m/n/10 pythontex_engines.py
 []


Overfull \hbox (53.18434pt too wide) in paragraph at lines 1643--1643
[]\T1/lmr/m/n/10 Improved treat-ment of de-pen-den-cies. If a de-pen-dency is m
od-i-fied (\T1/lmtt/m/n/10 os.path.getmtime()\T1/lmr/m/n/10 )
 []

[62] [63] [64]
Overfull \hbox (44.72096pt too wide) in paragraph at lines 1643--1643
[]\T1/lmr/m/n/10 The \T1/lmtt/m/n/10 \setpythontexpyglexer\T1/lmr/m/n/10 , \T1/
lmtt/m/n/10 \setpythontexpygopt\T1/lmr/m/n/10 , and \T1/lmtt/m/n/10 \setpygment
spygopt
 []


Overfull \hbox (6.13719pt too wide) in paragraph at lines 1643--1643
[]\T1/lmr/m/n/10 The \T1/lmtt/m/n/10 \setpythontexformatter \T1/lmr/m/n/10 and 
\T1/lmtt/m/n/10 \setpygmentsformatter \T1/lmr/m/n/10 com-mands
 []


Overfull \hbox (91.99957pt too wide) in paragraph at lines 1643--1643
\T1/lmr/m/n/10 have been re-placed by the \T1/lmtt/m/n/10 \setpythontexprettypr
inter \T1/lmr/m/n/10 and \T1/lmtt/m/n/10 \setpygmentsprettyprinter
 []

[65] [66]
Overfull \hbox (16.77829pt too wide) in paragraph at lines 1643--1643
[]\T1/lmr/m/n/10 One-line en-tries in stderr, such as those pro-duced by Python
's \T1/lmtt/m/n/10 warnings.warn()\T1/lmr/m/n/10 ,
 []

[67] [68] [69] [70] [71]
Overfull \hbox (0.59105pt too wide) in paragraph at lines 1742--1742
 [][]\T1/lmtt/m/n/9 \pgfkeys{/PYTX/pkgopt/rerun/modified/.code=\def\pytx@opt@re
run{modified}} 
 []


Overfull \hbox (0.59105pt too wide) in paragraph at lines 1742--1742
 [][]\T1/lmtt/m/n/9 \pgfkeys{/PYTX/pkgopt/rerun/warnings/.code=\def\pytx@opt@re
run{warnings}} 
 []


Overfull \hbox (43.11597pt too wide) in paragraph at lines 1742--1742
 [][]    \T1/lmtt/m/n/9 \PackageWarning{\pytx@packagename}{rerun=all is depreca
ted; use rerun=always}} 
 []


Overfull \hbox (66.74092pt too wide) in paragraph at lines 1755--1755
 [][]\T1/lmtt/m/n/9 \pgfkeys{/PYTX/pkgopt/hashdependencies/true/.code=\def\pytx
@opt@hashdependencies{true}} 
 []


Overfull \hbox (76.1909pt too wide) in paragraph at lines 1755--1755
 [][]\T1/lmtt/m/n/9 \pgfkeys{/PYTX/pkgopt/hashdependencies/false/.code=\def\pyt
x@opt@hashdependencies{false}} 
 []


Overfull \hbox (0.59105pt too wide) in paragraph at lines 1773--1773
 [][]\T1/lmtt/m/n/9 \pgfkeys{/PYTX/pkgopt/autoprint/true/.code=\booltrue{pytx@o
pt@autoprint}} 
 []


Overfull \hbox (10.04103pt too wide) in paragraph at lines 1773--1773
 [][]\T1/lmtt/m/n/9 \pgfkeys{/PYTX/pkgopt/autoprint/false/.code=\boolfalse{pytx
@opt@autoprint}} 
 []

[72]
Overfull \hbox (5.31604pt too wide) in paragraph at lines 1773--1773
 [][]\T1/lmtt/m/n/9 \pgfkeys{/PYTX/pkgopt/autostdout/true/.code=\booltrue{pytx@
opt@autoprint}} 
 []


Overfull \hbox (14.76602pt too wide) in paragraph at lines 1773--1773
 [][]\T1/lmtt/m/n/9 \pgfkeys{/PYTX/pkgopt/autostdout/false/.code=\boolfalse{pyt
x@opt@autoprint}} 
 []


Overfull \hbox (62.01593pt too wide) in paragraph at lines 1816--1816
 [][]    \T1/lmtt/m/n/9 \PackageWarning{\pytx@packagename}{Option stdout is dep
recated; use option debug}} 
 []


Overfull \hbox (62.01593pt too wide) in paragraph at lines 1816--1816
 [][]    \T1/lmtt/m/n/9 \PackageWarning{\pytx@packagename}{Option stdout is dep
recated; use option debug}} 
 []


Overfull \hbox (57.29094pt too wide) in paragraph at lines 1816--1816
 [][]    \T1/lmtt/m/n/9 \PackageWarning{\pytx@packagename}{Option print is depr
ecated; use option debug}} 
 []


Overfull \hbox (57.29094pt too wide) in paragraph at lines 1816--1816
 [][]    \T1/lmtt/m/n/9 \PackageWarning{\pytx@packagename}{Option print is depr
ecated; use option debug}} 
 []

[73]
Overfull \hbox (0.59105pt too wide) in paragraph at lines 1834--1834
 [][]\T1/lmtt/m/n/9 \pgfkeys{/PYTX/pkgopt/makestderr/false/.code=\boolfalse{pyt
x@opt@stderr}} 
 []


Overfull \hbox (85.64088pt too wide) in paragraph at lines 1834--1834
 [][]    \T1/lmtt/m/n/9 \PackageWarning{\pytx@packagename}{Option stderr is dep
recated; use option makestderr}} 
 []


Overfull \hbox (85.64088pt too wide) in paragraph at lines 1834--1834
 [][]    \T1/lmtt/m/n/9 \PackageWarning{\pytx@packagename}{Option stderr is dep
recated; use option makestderr}} 
 []


Overfull \hbox (47.84096pt too wide) in paragraph at lines 1853--1853
 [][]\T1/lmtt/m/n/9 \pgfkeys{/PYTX/pkgopt/stderrfilename/full/.code=\def\pytx@o
pt@stderrfilename{full}} 
 []


Overfull \hbox (76.1909pt too wide) in paragraph at lines 1853--1853
 [][]\T1/lmtt/m/n/9 \pgfkeys{/PYTX/pkgopt/stderrfilename/session/.code=\def\pyt
x@opt@stderrfilename{session}} 
 []


Overfull \hbox (19.49101pt too wide) in paragraph at lines 1866--1866
 [][]\T1/lmtt/m/n/9 \pgfkeys{/PYTX/pkgopt/pyfuture/default/.code=\def\pytx@opt@
pyfuture{default}} 
 []


Overfull \hbox (47.84096pt too wide) in paragraph at lines 1877--1877
 [][]\T1/lmtt/m/n/9 \pgfkeys{/PYTX/pkgopt/pyconfuture/default/.code=\def\pytx@o
pt@pyconfuture{default}} 
 []


Overfull \hbox (10.04103pt too wide) in paragraph at lines 1877--1877
 [][]\T1/lmtt/m/n/9 \pgfkeys{/PYTX/pkgopt/pyconfuture/all/.code=\def\pytx@opt@p
yconfuture{all}} 
 []


Overfull \hbox (19.49101pt too wide) in paragraph at lines 1877--1877
 [][]\T1/lmtt/m/n/9 \pgfkeys{/PYTX/pkgopt/pyconfuture/none/.code=\def\pytx@opt@
pyconfuture{none}} 
 []

[74]
Overfull \hbox (0.59105pt too wide) in paragraph at lines 1916--1916
 [][]\T1/lmtt/m/n/9 \pgfkeys{/PYTX/pkgopt/keeptemps/code/.code=\def\pytx@opt@ke
eptemps{code}} 
 []


Overfull \hbox (0.59105pt too wide) in paragraph at lines 1916--1916
 [][]\T1/lmtt/m/n/9 \pgfkeys{/PYTX/pkgopt/keeptemps/none/.code=\def\pytx@opt@ke
eptemps{none}} 
 []

[75]
Overfull \hbox (33.66599pt too wide) in paragraph at lines 1934--1934
 [][]\T1/lmtt/m/n/9 \pgfkeys{/PYTX/pkgopt/prettyprinter/pygments/.code=\booltru
e{pytx@opt@pygments}} 
 []


Overfull \hbox (38.39098pt too wide) in paragraph at lines 1934--1934
 [][]\T1/lmtt/m/n/9 \pgfkeys{/PYTX/pkgopt/prettyprinter/fancyvrb/.code=\boolfal
se{pytx@opt@pygments}} 
 []


Overfull \hbox (0.59105pt too wide) in paragraph at lines 1934--1934
 [][]\T1/lmtt/m/n/9 \pgfkeys{/PYTX/pkgopt/pygments/false/.code=\boolfalse{pytx@
opt@pygments}} 
 []


Overfull \hbox (38.39098pt too wide) in paragraph at lines 1951--1951
 [][]\T1/lmtt/m/n/9 \pgfkeys{/PYTX/pkgopt/prettyprintinline/true/.code=\booltru
e{pytx@opt@pyginline}} 
 []


Overfull \hbox (47.84096pt too wide) in paragraph at lines 1951--1951
 [][]\T1/lmtt/m/n/9 \pgfkeys{/PYTX/pkgopt/prettyprintinline/false/.code=\boolfa
lse{pytx@opt@pyginline}} 
 []


Overfull \hbox (0.59105pt too wide) in paragraph at lines 1951--1951
 [][]\T1/lmtt/m/n/9 \pgfkeys{/PYTX/pkgopt/pyginline/true/.code=\booltrue{pytx@o
pt@pyginline}} 
 []


Overfull \hbox (10.04103pt too wide) in paragraph at lines 1951--1951
 [][]\T1/lmtt/m/n/9 \pgfkeys{/PYTX/pkgopt/pyginline/false/.code=\boolfalse{pytx
@opt@pyginline}} 
 []

[76]
Overfull \hbox (52.56595pt too wide) in paragraph at lines 1996--1996
 [][]        \T1/lmtt/m/n/9 \PackageError{\pytx@packagename}{option fvextfile m
ust be an integer > 0}{}% 
 []


Overfull \hbox (43.11597pt too wide) in paragraph at lines 1996--1996
 [][]    \T1/lmtt/m/n/9 {\PackageError{\pytx@packagename}{option fvextfile must
 be an integer > 0}{}}% 
 []


Overfull \hbox (19.49101pt too wide) in paragraph at lines 2009--2009
 [][]\T1/lmtt/m/n/9 \pgfkeys{/PYTX/pkgopt/pyconbanner/none/.code=\def\pytx@opt@
pyconbanner{none}} 
 []


Overfull \hbox (57.29094pt too wide) in paragraph at lines 2009--2009
 [][]\T1/lmtt/m/n/9 \pgfkeys{/PYTX/pkgopt/pyconbanner/standard/.code=\def\pytx@
opt@pyconbanner{standard}} 
 []


Overfull \hbox (47.84096pt too wide) in paragraph at lines 2009--2009
 [][]\T1/lmtt/m/n/9 \pgfkeys{/PYTX/pkgopt/pyconbanner/default/.code=\def\pytx@o
pt@pyconbanner{default}} 
 []

[77]
Overfull \hbox (66.74092pt too wide) in paragraph at lines 2009--2009
 [][]\T1/lmtt/m/n/9 \pgfkeys{/PYTX/pkgopt/pyconbanner/pyversion/.code=\def\pytx
@opt@pyconbanner{pyversion}} 
 []


Overfull \hbox (47.84096pt too wide) in paragraph at lines 2023--2023
 [][]\T1/lmtt/m/n/9 \pgfkeys{/PYTX/pkgopt/pyconfilename/stdin/.code=\def\pytx@o
pt@pyconfilename{stdin}} 
 []


Overfull \hbox (66.74092pt too wide) in paragraph at lines 2023--2023
 [][]\T1/lmtt/m/n/9 \pgfkeys{/PYTX/pkgopt/pyconfilename/console/.code=\def\pytx
@opt@pyconfilename{console}} 
 []


Overfull \hbox (19.49101pt too wide) in paragraph at lines 2041--2041
 [][]\T1/lmtt/m/n/9 \pgfkeys{/PYTX/pkgopt/depythontex/true/.code=\booltrue{pytx
@opt@depythontex}} 
 []


Overfull \hbox (28.941pt too wide) in paragraph at lines 2041--2041
 [][]\T1/lmtt/m/n/9 \pgfkeys{/PYTX/pkgopt/depythontex/false/.code=\boolfalse{py
tx@opt@depythontex}} 
 []

[78] [79] [80] [81]
Overfull \hbox (43.11597pt too wide) in paragraph at lines 2200--2200
 [][]                \T1/lmtt/m/n/9 {String "verb" is not allowed in \string\re
startpythontexsession}% 
 []


Overfull \hbox (28.941pt too wide) in paragraph at lines 2200--2200
 [][]                \T1/lmtt/m/n/9 {Use \string\restartpythontexsession with a
 valid argument}}{}% 
 []


Overfull \hbox (43.11597pt too wide) in paragraph at lines 2200--2200
 [][]                \T1/lmtt/m/n/9 {String "cons" is not allowed in \string\re
startpythontexsession}% 
 []


Overfull \hbox (28.941pt too wide) in paragraph at lines 2200--2200
 [][]                \T1/lmtt/m/n/9 {Use \string\restartpythontexsession with a
 valid argument}}{}% 
 []

[82]
Overfull \hbox (76.05232pt too wide) in paragraph at lines 2212--2212
[][][][][][][][][][][][][]| 
 []

[83] [84]
Overfull \hbox (5.31604pt too wide) in paragraph at lines 2280--2280
 [][]        \T1/lmtt/m/n/9 {\InputIfFileExists{\pytx@outputdir/\pytx@jobname.p
ytxpyg}{}{}}{}% 
 []

[85] [86]
Overfull \hbox (33.66599pt too wide) in paragraph at lines 2352--2352
 [][]    \T1/lmtt/m/n/9 \immediate\write\pytx@codefile{hashdependencies=\pytx@o
pt@hashdependencies}% 
 []


Overfull \hbox (57.29094pt too wide) in paragraph at lines 2352--2352
 [][]    \T1/lmtt/m/n/9 \immediate\write\pytx@codefile{makestderr=\ifbool{pytx@
opt@stderr}{true}{false}}% 
 []


Overfull \hbox (14.76602pt too wide) in paragraph at lines 2352--2352
 [][]    \T1/lmtt/m/n/9 \immediate\write\pytx@codefile{stderrfilename=\pytx@opt
@stderrfilename}% 
 []


Overfull \hbox (57.29094pt too wide) in paragraph at lines 2352--2352
 [][]    \T1/lmtt/m/n/9 \immediate\write\pytx@codefile{pygments=\ifbool{pytx@op
t@pygments}{true}{false}}% 
 []


Overfull \hbox (43.11597pt too wide) in paragraph at lines 2352--2352
 [][]    \T1/lmtt/m/n/9 \immediate\write\pytx@codefile{pygglobal=:GLOBAL|\pytx@
pyglexer|\pytx@pygopt}% 
 []


Overfull \hbox (5.31604pt too wide) in paragraph at lines 2352--2352
 [][]    \T1/lmtt/m/n/9 \immediate\write\pytx@codefile{pyconfilename=\pytx@opt@
pyconfilename}% 
 []


Overfull \hbox (85.64088pt too wide) in paragraph at lines 2352--2352
 [][]    \T1/lmtt/m/n/9 \immediate\write\pytx@codefile{depythontex=\ifbool{pytx
@opt@depythontex}{true}{false}}% 
 []


Overfull \hbox (0.59105pt too wide) in paragraph at lines 2381--2381
 [][]            \T1/lmtt/m/n/9 {\let\pytx@currfile\@empty}{\let\pytx@currfile\
currfilename}% 
 []

[87] [88] [89] [90]
Overfull \hbox (33.66599pt too wide) in paragraph at lines 2486--2486
 [][]        \T1/lmtt/m/n/9 \ifstrequal{#1}{verb}{\BVerbatimInput[#2]{\pytx@out
putdir/#3.stdout}}{}% 
 []


Overfull \hbox (47.84096pt too wide) in paragraph at lines 2486--2486
 [][]        \T1/lmtt/m/n/9 \ifstrequal{#1}{verbatim}{\VerbatimInput[#2]{\pytx@
outputdir/#3.stdout}}{}% 
 []


Overfull \hbox (5.31604pt too wide) in paragraph at lines 2486--2486
 [][]        \T1/lmtt/m/n/9 \PackageWarning{\pytx@packagename}{Non-existent pri
nted content}}% 
 []


Overfull \hbox (19.49101pt too wide) in paragraph at lines 2486--2486
 [][]\T1/lmtt/m/n/9 \AtBeginDocument{\def\pytx@stdout@warntext{\textbf{??~\pytx
@packagename~??}}} 
 []

[91]
Overfull \hbox (28.941pt too wide) in paragraph at lines 2555--2555
 [][]        \T1/lmtt/m/n/9 \PackageWarning{\pytx@packagename}{Non-existent sav
ed printed content}% 
 []


Overfull \hbox (0.44374pt too wide) in paragraph at lines 2562--2563
[]\T1/lmr/m/n/10 Both std-out and stderr share the same base file name, stored 
in []\T1/lmtt/m/n/10 \pytx@stdfile\T1/lmr/m/n/10 .
 []


Overfull \hbox (0.59105pt too wide) in paragraph at lines 2580--2580
 [][]        \T1/lmtt/m/n/9 \ifstrempty{#1}{\VerbatimInput[#2]{\pytx@outputdir/
#3.stderr}}{}% 
 []

[92]
Overfull \hbox (33.66599pt too wide) in paragraph at lines 2580--2580
 [][]        \T1/lmtt/m/n/9 \ifstrequal{#1}{verb}{\BVerbatimInput[#2]{\pytx@out
putdir/#3.stderr}}{}% 
 []


Overfull \hbox (47.84096pt too wide) in paragraph at lines 2580--2580
 [][]        \T1/lmtt/m/n/9 \ifstrequal{#1}{verbatim}{\VerbatimInput[#2]{\pytx@
outputdir/#3.stderr}}{}% 
 []


Overfull \hbox (0.59105pt too wide) in paragraph at lines 2580--2580
 [][]        \T1/lmtt/m/n/9 \PackageWarning{\pytx@packagename}{Non-existent std
err content}}% 
 []

[93]
Overfull \hbox (24.216pt too wide) in paragraph at lines 2633--2633
 [][]        \T1/lmtt/m/n/9 \PackageWarning{\pytx@packagename}{Non-existent sav
ed stderr content}% 
 []

[94]
Overfull \hbox (43.11597pt too wide) in paragraph at lines 2694--2694
 [][]        \T1/lmtt/m/n/9 \the\inputlineno:\ifx\pytx@lexer\relax\else\pytx@le
xer\fi\pytx@delimchar}% 
 []


Overfull \hbox (43.11597pt too wide) in paragraph at lines 2694--2694
 [][]    \T1/lmtt/m/n/9 \immediate\write\pytx@depyfile{=>DEPYTHONTEX:SETTINGS\p
ytx@delimchar version=% 
 []

[95]
Overfull \hbox (52.56595pt too wide) in paragraph at lines 2694--2694
 [][]    \T1/lmtt/m/n/9 \immediate\write\pytx@depyfile{=>DEPYTHONTEX:SETTINGS\p
ytx@delimchar macrofile=% 
 []


Overfull \hbox (52.56595pt too wide) in paragraph at lines 2694--2694
 [][]    \T1/lmtt/m/n/9 \immediate\write\pytx@depyfile{=>DEPYTHONTEX:SETTINGS\p
ytx@delimchar outputdir=% 
 []


Overfull \hbox (47.84096pt too wide) in paragraph at lines 2694--2694
 [][]    \T1/lmtt/m/n/9 \immediate\write\pytx@depyfile{=>DEPYTHONTEX:SETTINGS\p
ytx@delimchar graphicx=% 
 []


Overfull \hbox (33.66599pt too wide) in paragraph at lines 2694--2694
 [][]            \T1/lmtt/m/n/9 \ifcsname graphicspath\endcsname true\else fals
e\fi\pytx@delimchar}% 
 []


Overfull \hbox (38.39098pt too wide) in paragraph at lines 2694--2694
 [][]    \T1/lmtt/m/n/9 \immediate\write\pytx@depyfile{=>DEPYTHONTEX:SETTINGS\p
ytx@delimchar gobble=% 
 []

[96]
Overfull \hbox (28.941pt too wide) in paragraph at lines 2740--2740
 [][]    \T1/lmtt/m/n/9 \immediate\write\pytx@depyfile{LISTING:firstnumber=\ara
bic{FancyVerbLine}}% 
 []


Overfull \hbox (62.01593pt too wide) in paragraph at lines 2740--2740
 [][]        \T1/lmtt/m/n/9 \expandafter\gdef\expandafter\theFancyVerbLine\expa
ndafter{\oldFancyVerbLine}% 
 []

[97]
Overfull \hbox (5.31604pt too wide) in paragraph at lines 2788--2788
 [][]    \T1/lmtt/m/n/9 \@ifnextchar[{\endgroup\pytx@InlineOarg}{\endgroup\pytx
@InlineOarg[]}% 
 []

[98]
Overfull \hbox (80.9159pt too wide) in paragraph at lines 2813--2813
 [][]    \T1/lmtt/m/n/9 \ifstrempty{#1}{\edef\pytx@session{default}}{\StrSubsti
tute{#1}{:}{-}[\pytx@session]}% 
 []


Overfull \hbox (10.04103pt too wide) in paragraph at lines 2835--2835
 [][]            \T1/lmtt/m/n/9 {The space character cannot be used as a delimi
ting character}% 
 []

[99]
Overfull \hbox (52.56595pt too wide) in paragraph at lines 2866--2866
 [][]    \T1/lmtt/m/n/9 \xdef\pytx@stdfile{\pytx@type_\pytx@session_\pytx@group
_\arabic{\pytx@counter}}% 
 []


Overfull \hbox (7.80434pt too wide) in paragraph at lines 2873--2874
[]\T1/lmr/m/n/10 The three macros []\T1/lmtt/m/n/10 \pytx@InlineShow\T1/lmr/m/n
/10 , []\T1/lmtt/m/n/10 \pytx@InlineSave\T1/lmr/m/n/10 , and []\T1/lmtt/m/n/10 
\pytx@InlinePrint
 []

[100]
Overfull \hbox (9.99915pt too wide) in paragraph at lines 2880--2881
[][]\T1/lmtt/m/n/10 \renewcommand{\FancyVerbFormatLine}[1]{\colorbox{green}{#1}
} 
 []

[101]
Overfull \hbox (5.31604pt too wide) in paragraph at lines 2926--2926
 [][]        \T1/lmtt/m/n/9 \PackageWarning{\pytx@packagename}{Non-existent Pyg
ments content}% 
 []


Overfull \hbox (0.59105pt too wide) in paragraph at lines 2954--2954
 [][]                \T1/lmtt/m/n/9 {\DepyFile{p:\pytx@outputdir/\pytx@stdfile.
stdout}}{}}{}% 
 []


Overfull \hbox (90.36588pt too wide) in paragraph at lines 2972--2972
 [][]    \T1/lmtt/m/n/9 \edef\pytx@mcr{pytx@MCR@\pytx@type @\pytx@session @\pyt
x@group @\arabic{\pytx@counter}}% 
 []

[102]
Overfull \hbox (71.46591pt too wide) in paragraph at lines 2989--2989
 [][]    \T1/lmtt/m/n/9 \edef\pytx@mcr{pytx@\pytx@type @\pytx@session @\pytx@gr
oup @\arabic{\pytx@counter}}% 
 []


Overfull \hbox (38.39098pt too wide) in paragraph at lines 3025--3025
 [][]        \T1/lmtt/m/n/9 \expandafter\let\expandafter\pytx@lexer\csname pytx
@pyglexer@#1\endcsname 
 []

[103]
Overfull \hbox (10.43428pt too wide) in paragraph at lines 3030--3031
[]\T1/lmr/m/n/10 This macro cre-ates in-line ver-ba-tim com-mands, which only t
ype-set code. []\T1/lmtt/m/n/10 \pytx@type\T1/lmr/m/n/10 ,
 []


Overfull \hbox (38.39098pt too wide) in paragraph at lines 3058--3058
 [][]        \T1/lmtt/m/n/9 \expandafter\let\expandafter\pytx@lexer\csname pytx
@pyglexer@#1\endcsname 
 []

[104] [105]
Overfull \hbox (10.04103pt too wide) in paragraph at lines 3170--3170
 [][]        \T1/lmtt/m/n/9 use \string\pythontexcustomc\space or pythontexcust
omcode instead}% 
 []

[106] [107]
Overfull \hbox (38.39098pt too wide) in paragraph at lines 3236--3236
 [][]        \T1/lmtt/m/n/9 \expandafter\let\expandafter\pytx@lexer\csname pytx
@pyglexer@#1\endcsname 
 []


Overfull \hbox (71.46591pt too wide) in paragraph at lines 3236--3236
 [][]        \T1/lmtt/m/n/9 \@ifnextchar[{\endgroup\pytx@BeginBlockEnvFV}{\endg
roup\pytx@BeginBlockEnvFV[]}% 
 []


Overfull \hbox (52.56595pt too wide) in paragraph at lines 3236--3236
 [][]    \T1/lmtt/m/n/9 \xdef\pytx@stdfile{\pytx@type_\pytx@session_\pytx@group
_\arabic{\pytx@counter}}% 
 []

[108]
Overfull \hbox (80.9159pt too wide) in paragraph at lines 3260--3260
 [][]    \T1/lmtt/m/n/9 \ifstrempty{#1}{\edef\pytx@session{default}}{\StrSubsti
tute{#1}{:}{-}[\pytx@session]}% 
 []

[109]
Overfull \hbox (38.39098pt too wide) in paragraph at lines 3292--3292
 [][]        \T1/lmtt/m/n/9 \expandafter\let\expandafter\pytx@lexer\csname pytx
@pyglexer@#1\endcsname 
 []


Overfull \hbox (62.01593pt too wide) in paragraph at lines 3292--3292
 [][]        \T1/lmtt/m/n/9 \@ifnextchar[{\endgroup\pytx@BeginVerbEnvFV}{\endgr
oup\pytx@BeginVerbEnvFV[]}% 
 []


Overfull \hbox (52.56595pt too wide) in paragraph at lines 3292--3292
 [][]    \T1/lmtt/m/n/9 \xdef\pytx@stdfile{\pytx@type_\pytx@session_\pytx@group
_\arabic{\pytx@counter}}% 
 []


Overfull \hbox (80.9159pt too wide) in paragraph at lines 3310--3310
 [][]    \T1/lmtt/m/n/9 \ifstrempty{#1}{\edef\pytx@session{default}}{\StrSubsti
tute{#1}{:}{-}[\pytx@session]}% 
 []

[110]
Overfull \hbox (33.66599pt too wide) in paragraph at lines 3351--3351
 [][]        \T1/lmtt/m/n/9 \@ifnextchar[{\endgroup\pytx@BeginEnvPyg}{\endgroup
\pytx@BeginEnvPyg[]}% 
 []


Overfull \hbox (52.56595pt too wide) in paragraph at lines 3351--3351
 [][]    \T1/lmtt/m/n/9 \xdef\pytx@stdfile{\pytx@type_\pytx@session_\pytx@group
_\arabic{\pytx@counter}}% 
 []


Overfull \hbox (57.29094pt too wide) in paragraph at lines 3351--3351
 [][]    \T1/lmtt/m/n/9 \ifdefstring{\pytx@fvopttmp}{}{}{\expandafter\fvset\exp
andafter{\pytx@fvopttmp}}% 
 []

[111]
Overfull \hbox (47.84096pt too wide) in paragraph at lines 3351--3351
 [][]                \T1/lmtt/m/n/9 \PackageWarning{\pytx@packagename}{Non-exis
tent Pygments content}}% 
 []


Overfull \hbox (80.9159pt too wide) in paragraph at lines 3369--3369
 [][]    \T1/lmtt/m/n/9 \ifstrempty{#1}{\edef\pytx@session{default}}{\StrSubsti
tute{#1}{:}{-}[\pytx@session]}% 
 []


Overfull \hbox (33.66599pt too wide) in paragraph at lines 3369--3369
 [][]    \T1/lmtt/m/n/9 \@ifnextchar[{\endgroup\pytx@BeginEnvPyg@i}{\endgroup\p
ytx@BeginEnvPyg@i[]}% 
 []

[112]
Overfull \hbox (0.59105pt too wide) in paragraph at lines 3448--3448
 [][]                \T1/lmtt/m/n/9 {\DepyFile{p:\pytx@outputdir/\pytx@stdfile.
stdout}}{}}{}% 
 []

[113]
Overfull \hbox (43.11597pt too wide) in paragraph at lines 3475--3475
 [][]        \T1/lmtt/m/n/9 \@ifnextchar[{\endgroup\pytx@BeginCodeEnv}{\endgrou
p\pytx@BeginCodeEnv[]}% 
 []


Overfull \hbox (52.56595pt too wide) in paragraph at lines 3475--3475
 [][]    \T1/lmtt/m/n/9 \xdef\pytx@stdfile{\pytx@type_\pytx@session_\pytx@group
_\arabic{\pytx@counter}}% 
 []


Overfull \hbox (80.9159pt too wide) in paragraph at lines 3491--3491
 [][]    \T1/lmtt/m/n/9 \ifstrempty{#1}{\edef\pytx@session{default}}{\StrSubsti
tute{#1}{:}{-}[\pytx@session]}% 
 []


Overfull \hbox (43.11597pt too wide) in paragraph at lines 3491--3491
 [][]    \T1/lmtt/m/n/9 \@ifnextchar[{\endgroup\pytx@BeginCodeEnv@i}{\endgroup\
pytx@BeginCodeEnv@i[]}% 
 []

[114]
Overfull \hbox (34.86047pt too wide) in paragraph at lines 3496--3497
\T1/lmr/m/n/10 have a manda-tory ar-gu-ment, be-cause we are in-vok-ing our cus
-tom []\T1/lmtt/m/n/10 \pytx@FVB@VerbatimOut
 []

[115]
Overfull \hbox (38.39098pt too wide) in paragraph at lines 3580--3580
 [][]        \T1/lmtt/m/n/9 \expandafter\let\expandafter\pytx@lexer\csname pytx
@pyglexer@#1\endcsname 
 []


Overfull \hbox (62.01593pt too wide) in paragraph at lines 3580--3580
 [][]        \T1/lmtt/m/n/9 \@ifnextchar[{\endgroup\pytx@BeginConsEnvFV}{\endgr
oup\pytx@BeginConsEnvFV[]}% 
 []


Overfull \hbox (52.56595pt too wide) in paragraph at lines 3580--3580
 [][]    \T1/lmtt/m/n/9 \xdef\pytx@stdfile{\pytx@type_\pytx@session_\pytx@group
_\arabic{\pytx@counter}}% 
 []


Overfull \hbox (57.29094pt too wide) in paragraph at lines 3580--3580
 [][]    \T1/lmtt/m/n/9 \ifdefstring{\pytx@fvopttmp}{}{}{\expandafter\fvset\exp
andafter{\pytx@fvopttmp}}% 
 []


Overfull \hbox (43.11597pt too wide) in paragraph at lines 3580--3580
 [][]                \T1/lmtt/m/n/9 \PackageWarning{\pytx@packagename}{Non-exis
tent console content}}% 
 []


Overfull \hbox (80.9159pt too wide) in paragraph at lines 3596--3596
 [][]    \T1/lmtt/m/n/9 \ifstrempty{#1}{\edef\pytx@session{default}}{\StrSubsti
tute{#1}{:}{-}[\pytx@session]}% 
 []


Overfull \hbox (62.01593pt too wide) in paragraph at lines 3596--3596
 [][]    \T1/lmtt/m/n/9 \@ifnextchar[{\endgroup\pytx@BeginConsEnvFV@i}{\endgrou
p\pytx@BeginConsEnvFV@i[]}% 
 []

[116]
Overfull \hbox (38.39098pt too wide) in paragraph at lines 3648--3648
 [][]        \T1/lmtt/m/n/9 \expandafter\let\expandafter\pytx@lexer\csname pytx
@pyglexer@#1\endcsname 
 []


Overfull \hbox (62.01593pt too wide) in paragraph at lines 3648--3648
 [][]        \T1/lmtt/m/n/9 \@ifnextchar[{\endgroup\pytx@BeginConsEnvFV}{\endgr
oup\pytx@BeginConsEnvFV[]}% 
 []


Overfull \hbox (52.56595pt too wide) in paragraph at lines 3648--3648
 [][]    \T1/lmtt/m/n/9 \xdef\pytx@stdfile{\pytx@type_\pytx@session_\pytx@group
_\arabic{\pytx@counter}}% 
 []


Overfull \hbox (57.29094pt too wide) in paragraph at lines 3648--3648
 [][]    \T1/lmtt/m/n/9 \ifdefstring{\pytx@fvopttmp}{}{}{\expandafter\fvset\exp
andafter{\pytx@fvopttmp}}% 
 []


Overfull \hbox (43.11597pt too wide) in paragraph at lines 3648--3648
 [][]                \T1/lmtt/m/n/9 \PackageWarning{\pytx@packagename}{Non-exis
tent console content}}% 
 []

[117]
Overfull \hbox (43.11597pt too wide) in paragraph at lines 3735--3735
 [][]    \T1/lmtt/m/n/9 default/.style = {prettyprinter=auto, pyglexer=text, py
gopt={}, console=false} 
 []

[118]
Overfull \hbox (38.39098pt too wide) in paragraph at lines 3735--3735
 [][]    \T1/lmtt/m/n/9 \expandafter\xdef\csname pytx@macroformatter@#2\endcsna
me{\pytx@tmp@pprinter} 
 []


Overfull \hbox (10.04103pt too wide) in paragraph at lines 3735--3735
 [][]    \T1/lmtt/m/n/9 \expandafter\xdef\csname pytx@pyglexer@#2\endcsname{\py
tx@tmp@pyglexer} 
 []


Overfull \hbox (0.59105pt too wide) in paragraph at lines 3735--3735
 [][]    \T1/lmtt/m/n/9 \expandafter\xdef\csname pytx@console@#2\endcsname{\pyt
x@tmp@console} 
 []


Overfull \hbox (14.76602pt too wide) in paragraph at lines 3735--3735
 [][]                    \T1/lmtt/m/n/9 {\pytx@MakeFamilyPygCons{#2}}{\pytx@Mak
eFamilyPyg{#2}}}% 
 []


Overfull \hbox (5.31604pt too wide) in paragraph at lines 3735--3735
 [][]                    \T1/lmtt/m/n/9 {\pytx@MakeFamilyFVCons{#2}}{\pytx@Make
FamilyFV{#2}}}% 
 []


Overfull \hbox (5.31604pt too wide) in paragraph at lines 3735--3735
 [][]                \T1/lmtt/m/n/9 {\pytx@MakeFamilyPygCons{#2}}{\pytx@MakeFam
ilyPyg{#2}}}{}% 
 []

[119]
Overfull \hbox (0.59105pt too wide) in paragraph at lines 3773--3773
 [][]            \T1/lmtt/m/n/9 {Cannot modify Pygments options for a non-exist
ent family}{}% 
 []


Overfull \hbox (24.216pt too wide) in paragraph at lines 3796--3796
 [][]                \T1/lmtt/m/n/9 \expandafter\xdef\csname pytx@macroformatte
r@#1\endcsname{#2}} 
 []


Overfull \hbox (113.99083pt too wide) in paragraph at lines 3796--3796
 [][]                \T1/lmtt/m/n/9 {Cannot modify a family that does not exist
 or does not allow formatter choices}% 
 []

[120]
Overfull \hbox (15.69409pt too wide) in paragraph at lines 3803--3804
\T1/lmr/m/n/10 pend-ing on whether the pack-age op-tion []\T1/lmtt/m/n/10 pygme
nts \T1/lmr/m/n/10 is used, via []\T1/lmtt/m/n/10 \makepythontexfamily\T1/lmr/m
/n/10 .
 []


Overfull \hbox (5.31604pt too wide) in paragraph at lines 3823--3823
 [][]    \T1/lmtt/m/n/9 \ifstrequal{#1}{julia}{\makepythontexfamily[pyglexer=ju
lia]{julia}}{}% 
 []


Overfull \hbox (19.49101pt too wide) in paragraph at lines 3823--3823
 [][]    \T1/lmtt/m/n/9 \ifstrequal{#1}{matlab}{\makepythontexfamily[pyglexer=m
atlab]{matlab}}{}% 
 []


Overfull \hbox (19.49101pt too wide) in paragraph at lines 3823--3823
 [][]    \T1/lmtt/m/n/9 \ifstrequal{#1}{octave}{\makepythontexfamily[pyglexer=o
ctave]{octave}}{}% 
 []

[121]
Overfull \hbox (90.36588pt too wide) in paragraph at lines 3844--3844
 [][]    \T1/lmtt/m/n/9 \DeclareFloatingEnvironment[fileext=lopytx,listname={Li
st of Listings},name=Listing]{#1} 
 []


Overfull \hbox (5.31604pt too wide) in paragraph at lines 3860--3860
 [][]                 \T1/lmtt/m/n/9 \pytx@packagename\space will not create on
e \MessageBreak 
 []


Overfull \hbox (123.44081pt too wide) in paragraph at lines 3860--3860
 [][]                 \T1/lmtt/m/n/9 Use \string\setpythontexlistingenv\space t
o create a custom listing environment}}% 
 []


Overfull \hbox (71.46591pt too wide) in paragraph at lines 3860--3860
 [][]        \T1/lmtt/m/n/9 \ifbool{pytx@listingenv}{}{\DeclareFloatingEnvironm
ent[fileext=lopytx]{listing}} 
 []

[122]
Overfull \hbox (5.31604pt too wide) in paragraph at lines 3884--3884
 [][]        \T1/lmtt/m/n/9 \AtEndDocument{\immediate\write\pytx@codefile{pygfa
mily=PYG#1|#1|% 
 []

[123]
Overfull \hbox (43.11597pt too wide) in paragraph at lines 3953--3953
 [][]        \T1/lmtt/m/n/9 \@ifnextchar[{\endgroup\pytx@BEPygmentsFV}{\endgrou
p\pytx@BEPygmentsFV[]}% 
 []

[124]
Overfull \hbox (14.76602pt too wide) in paragraph at lines 3990--3990
 [][]    \T1/lmtt/m/n/9 \edef\pytx@linecount{pytx@\pytx@type @\pytx@session @\p
ytx@group @line}% 
 []


Overfull \hbox (57.29094pt too wide) in paragraph at lines 3990--3990
 [][]    \T1/lmtt/m/n/9 \ifdefstring{\pytx@fvopttmp}{}{}{\expandafter\fvset\exp
andafter{\pytx@fvopttmp}}% 
 []


Overfull \hbox (52.56595pt too wide) in paragraph at lines 4023--4023
 [][]        \T1/lmtt/m/n/9 \@ifnextchar[{\endgroup\pytx@BEPygmentsPyg}{\endgro
up\pytx@BEPygmentsPyg[]}% 
 []


Overfull \hbox (76.1909pt too wide) in paragraph at lines 4023--4023
 [][]        \T1/lmtt/m/n/9 \ifdefstring{\pytx@fvopttmp}{}{}{\expandafter\fvset
\expandafter{\pytx@fvopttmp}}% 
 []


Overfull \hbox (62.01593pt too wide) in paragraph at lines 4023--4023
 [][]                \T1/lmtt/m/n/9 \pytx@type_\pytx@session_\pytx@group_\arabi
c{\pytx@counter}.pygtex}{}% 
 []


Overfull \hbox (66.74092pt too wide) in paragraph at lines 4023--4023
 [][]                    \T1/lmtt/m/n/9 \PackageWarning{\pytx@packagename}{Non-
existent Pygments content}}% 
 []

[125] [126]
Overfull \hbox (38.39098pt too wide) in paragraph at lines 4136--4136
 [][]            \T1/lmtt/m/n/9 {\PackageWarning{\pytx@packagename}{Input file 
<##3> doesn't exist}}% 
 []

[127]
Overfull \hbox (0.59105pt too wide) in paragraph at lines 4136--4136
 [][]            \T1/lmtt/m/n/9 \UseVerbatim[##1]{pytx@\pytx@type @\pytx@sessio
n @\pytx@group 
 []


Overfull \hbox (0.59105pt too wide) in paragraph at lines 4136--4136
 [][]            \T1/lmtt/m/n/9 \InputIfFileExists{\pytx@outputdir/\pytx@type_#
#3_\pytx@group 
 []


Overfull \hbox (66.74092pt too wide) in paragraph at lines 4136--4136
 [][]                    \T1/lmtt/m/n/9 \PackageWarning{\pytx@packagename}{Non-
existent Pygments content}}% 
 []

[128] [129]
Overfull \hbox (28.941pt too wide) in paragraph at lines 4386--4386
 [][]        \T1/lmtt/m/n/9 \ifstrequal{#1}{verb}{\VerbatimInput[#2]{\pytx@outp
utdir/#3.stdout}}{}% 
 []


Overfull \hbox (62.01593pt too wide) in paragraph at lines 4386--4386
 [][]        \T1/lmtt/m/n/9 \ifstrequal{#1}{inlineverb}{\BVerbatimInput[#2]{\py
tx@outputdir/#3.stdout}}{}% 
 []


Overfull \hbox (19.49101pt too wide) in paragraph at lines 4386--4386
 [][]        \T1/lmtt/m/n/9 \ifstrequal{#1}{v}{\BVerbatimInput[#2]{\pytx@output
dir/#3.stdout}}{}% 
 []


Overfull \hbox (5.31604pt too wide) in paragraph at lines 4386--4386
 [][]        \T1/lmtt/m/n/9 \PackageWarning{\pytx@packagename}{Non-existent pri
nted content}}% 
 []


Overfull \hbox (0.59105pt too wide) in paragraph at lines 4386--4386
 [][]        \T1/lmtt/m/n/9 \ifstrempty{#1}{\VerbatimInput[#2]{\pytx@outputdir/
#3.stderr}}{}% 
 []


Overfull \hbox (28.941pt too wide) in paragraph at lines 4386--4386
 [][]        \T1/lmtt/m/n/9 \ifstrequal{#1}{verb}{\VerbatimInput[#2]{\pytx@outp
utdir/#3.stderr}}{}% 
 []


Overfull \hbox (62.01593pt too wide) in paragraph at lines 4386--4386
 [][]        \T1/lmtt/m/n/9 \ifstrequal{#1}{inlineverb}{\BVerbatimInput[#2]{\py
tx@outputdir/#3.stderr}}{}% 
 []


Overfull \hbox (19.49101pt too wide) in paragraph at lines 4386--4386
 [][]        \T1/lmtt/m/n/9 \ifstrequal{#1}{v}{\BVerbatimInput[#2]{\pytx@output
dir/#3.stderr}}{}% 
 []


Overfull \hbox (0.59105pt too wide) in paragraph at lines 4386--4386
 [][]        \T1/lmtt/m/n/9 \PackageWarning{\pytx@packagename}{Non-existent std
err content}}% 
 []

[130]
Overfull \hbox (38.39098pt too wide) in paragraph at lines 4386--4386
 [][]        \T1/lmtt/m/n/9 \expandafter\let\expandafter\pytx@lexer\csname pytx
@pyglexer@#1\endcsname 
 []


Overfull \hbox (62.01593pt too wide) in paragraph at lines 4386--4386
 [][]        \T1/lmtt/m/n/9 \@ifnextchar[{\endgroup\pytx@BeginVerbEnvFV}{\endgr
oup\pytx@BeginVerbEnvFV[]}% 
 []


Overfull \hbox (52.56595pt too wide) in paragraph at lines 4386--4386
 [][]    \T1/lmtt/m/n/9 \xdef\pytx@stdfile{\pytx@type_\pytx@session_\pytx@group
_\arabic{\pytx@counter}}% 
 []


Overfull \hbox (33.66599pt too wide) in paragraph at lines 4386--4386
 [][]        \T1/lmtt/m/n/9 \@ifnextchar[{\endgroup\pytx@BeginEnvPyg}{\endgroup
\pytx@BeginEnvPyg[]}% 
 []


Overfull \hbox (52.56595pt too wide) in paragraph at lines 4386--4386
 [][]    \T1/lmtt/m/n/9 \xdef\pytx@stdfile{\pytx@type_\pytx@session_\pytx@group
_\arabic{\pytx@counter}}% 
 []


Overfull \hbox (57.29094pt too wide) in paragraph at lines 4386--4386
 [][]    \T1/lmtt/m/n/9 \ifdefstring{\pytx@fvopttmp}{}{}{\expandafter\fvset\exp
andafter{\pytx@fvopttmp}}% 
 []


Overfull \hbox (47.84096pt too wide) in paragraph at lines 4386--4386
 [][]                \T1/lmtt/m/n/9 \PackageWarning{\pytx@packagename}{Non-exis
tent Pygments content}}% 
 []

[131]
Overfull \hbox (0.59105pt too wide) in paragraph at lines 4386--4386
 [][]            \T1/lmtt/m/n/9 {Cannot modify Pygments options for a non-exist
ent family}{}% 
 []


Overfull \hbox (5.31604pt too wide) in paragraph at lines 4386--4386
 [][]            \T1/lmtt/m/n/9 \expandafter\xdef\csname pytx@macroformatter@#1
\endcsname{#2}} 
 []


Overfull \hbox (95.09087pt too wide) in paragraph at lines 4386--4386
 [][]            \T1/lmtt/m/n/9 {Cannot modify a family that does not exist or 
does not allow formatter choices}% 
 []

[132]
No file pythontex.ind.
*******************
* Checksum passed *
*******************
)
Package atveryend Info: Empty hook `BeforeClearDocument' on input line 66.
 [133]
Package atveryend Info: Empty hook `AfterLastShipout' on input line 66.
 (./pythontex.aux)
Package atveryend Info: Empty hook `AtVeryEndDocument' on input line 66.
Package atveryend Info: Executing hook `AtEndAfterFileList' on input line 66.


Package rerunfilecheck Warning: File `pythontex.out' has changed.
(rerunfilecheck)                Rerun to get outlines right
(rerunfilecheck)                or use package `bookmark'.

Package rerunfilecheck Info: Checksums for `pythontex.out':
(rerunfilecheck)             Before: 55D5B16090BD60A524FFD4DC8F5E9D57;7205
(rerunfilecheck)             After:  F50237F35CB6A20617867EC73D42941D;7405.

LaTeX Warning: There were undefined references.


LaTeX Warning: Label(s) may have changed. Rerun to get cross-references right.

 ) 
Here is how much of TeX's memory you used:
 9300 strings out of 493309
 151340 string characters out of 6137848
 341387 words of memory out of 5000000
 12571 multiletter control sequences out of 15000+600000
 89595 words of font info for 66 fonts, out of 8000000 for 9000
 957 hyphenation exceptions out of 8191
 47i,8n,42p,2007b,638s stack positions out of 5000i,500n,10000p,200000b,80000s

Output written on pythontex.dvi (133 pages, 664876 bytes).
